Running: C:\XilinxISE\14.7\ISE_DS\ISE\bin\nt64\unwrapped\fuse.exe -intstyle ise -incremental -lib unisims_ver -lib unimacro_ver -lib xilinxcorelib_ver -lib secureip -o D:/NewFolder/ShiftReg8b/shift_reg_sim_isim_beh.exe -prj D:/NewFolder/ShiftReg8b/shift_reg_sim_beh.prj work.shift_reg_sim work.glbl 
ISim P.20131013 (signature 0x7708f090)
Number of CPUs detected in this system: 4
Turning on mult-threading, number of parallel sub-compilation jobs: 8 
Determining compilation order of HDL files
Analyzing Verilog file "D:/NewFolder/ShiftReg8b/shift_reg.v" into library work
Analyzing Verilog file "D:/NewFolder/ShiftReg8b/shift_reg_sim.v" into library work
Analyzing Verilog file "C:/XilinxISE/14.7/ISE_DS/ISE//verilog/src/glbl.v" into library work
Starting static elaboration
Completed static elaboration
Compiling module FD
Compiling module INV
Compiling module AND2
Compiling module OR2
Compiling module shift_reg
Compiling module shift_reg_sim
Compiling module glbl
Time Resolution for simulation is 1ps.
Waiting for 1 sub-compilation(s) to finish...
Compiled 7 Verilog Units
Built simulation executable D:/NewFolder/ShiftReg8b/shift_reg_sim_isim_beh.exe
Fuse Memory Usage: 29012 KB
Fuse CPU Usage: 499 ms
