Release 14.7 - xst P.20131013 (nt64)
Copyright (c) 1995-2013 Xilinx, Inc.  All rights reserved.
--> Parameter TMPDIR set to xst/projnav.tmp


Total REAL time to Xst completion: 0.00 secs
Total CPU time to Xst completion: 0.08 secs
 
--> Parameter xsthdpdir set to xst


Total REAL time to Xst completion: 0.00 secs
Total CPU time to Xst completion: 0.08 secs
 
--> Reading design: My74LS161.prj

TABLE OF CONTENTS
  1) Synthesis Options Summary
  2) HDL Parsing
  3) HDL Elaboration
  4) HDL Synthesis
       4.1) HDL Synthesis Report
  5) Advanced HDL Synthesis
       5.1) Advanced HDL Synthesis Report
  6) Low Level Synthesis
  7) Partition Report
  8) Design Summary
       8.1) Primitive and Black Box Usage
       8.2) Device utilization summary
       8.3) Partition Resource Summary
       8.4) Timing Report
            8.4.1) Clock Information
            8.4.2) Asynchronous Control Signals Information
            8.4.3) Timing Summary
            8.4.4) Timing Details
            8.4.5) Cross Clock Domains Report


=========================================================================
*                      Synthesis Options Summary                        *
=========================================================================
---- Source Parameters
Input File Name                    : "My74LS161.prj"
Ignore Synthesis Constraint File   : NO

---- Target Parameters
Output File Name                   : "My74LS161"
Output Format                      : NGC
Target Device                      : xc7k160t-1-ffg676

---- Source Options
Top Module Name                    : My74LS161
Automatic FSM Extraction           : YES
FSM Encoding Algorithm             : Auto
Safe Implementation                : No
FSM Style                          : LUT
RAM Extraction                     : Yes
RAM Style                          : Auto
ROM Extraction                     : Yes
Shift Register Extraction          : YES
ROM Style                          : Auto
Resource Sharing                   : YES
Asynchronous To Synchronous        : NO
Shift Register Minimum Size        : 2
Use DSP Block                      : Auto
Automatic Register Balancing       : No

---- Target Options
LUT Combining                      : Auto
Reduce Control Sets                : Auto
Add IO Buffers                     : YES
Global Maximum Fanout              : 100000
Add Generic Clock Buffer(BUFG)     : 32
Register Duplication               : YES
Optimize Instantiated Primitives   : NO
Use Clock Enable                   : Auto
Use Synchronous Set                : Auto
Use Synchronous Reset              : Auto
Pack IO Registers into IOBs        : Auto
Equivalent register Removal        : YES

---- General Options
Optimization Goal                  : Speed
Optimization Effort                : 1
Power Reduction                    : NO
Keep Hierarchy                     : No
Netlist Hierarchy                  : As_Optimized
RTL Output                         : Yes
Global Optimization                : AllClockNets
Read Cores                         : YES
Write Timing Constraints           : NO
Cross Clock Analysis               : NO
Hierarchy Separator                : /
Bus Delimiter                      : <>
Case Specifier                     : Maintain
Slice Utilization Ratio            : 100
BRAM Utilization Ratio             : 100
DSP48 Utilization Ratio            : 100
Auto BRAM Packing                  : NO
Slice Utilization Ratio Delta      : 5

=========================================================================


=========================================================================
*                          HDL Parsing                                  *
=========================================================================
Analyzing Verilog file "E:\ISE_Program\My74LS161\My74LS161.v" into library work
Parsing module <My74LS161>.

=========================================================================
*                            HDL Elaboration                            *
=========================================================================

Elaborating module <My74LS161>.

=========================================================================
*                           HDL Synthesis                               *
=========================================================================

Synthesizing Unit <My74LS161>.
    Related source file is "E:\ISE_Program\My74LS161\My74LS161.v".
WARNING:Xst:647 - Input <CTp> is never used. This port will be preserved and left unconnected if it belongs to a top-level block or it belongs to a sub-block and the hierarchy of this sub-block is preserved.
    Found 4-bit register for signal <Q>.
    Found 4-bit adder for signal <Q[3]_GND_1_o_add_2_OUT> created at line 41.
    Summary:
	inferred   1 Adder/Subtractor(s).
	inferred   4 D-type flip-flop(s).
	inferred   1 Multiplexer(s).
Unit <My74LS161> synthesized.

=========================================================================
HDL Synthesis Report

Macro Statistics
# Adders/Subtractors                                   : 1
 4-bit adder                                           : 1
# Registers                                            : 1
 4-bit register                                        : 1
# Multiplexers                                         : 1
 4-bit 2-to-1 multiplexer                              : 1

=========================================================================

=========================================================================
*                       Advanced HDL Synthesis                          *
=========================================================================


Synthesizing (advanced) Unit <My74LS161>.
The following registers are absorbed into counter <Q>: 1 register on signal <Q>.
Unit <My74LS161> synthesized (advanced).

=========================================================================
Advanced HDL Synthesis Report

Macro Statistics
# Counters                                             : 1
 4-bit up counter                                      : 1

=========================================================================

=========================================================================
*                         Low Level Synthesis                           *
=========================================================================

Optimizing unit <My74LS161> ...

Mapping all equations...
Building and optimizing final netlist ...
Found area constraint ratio of 100 (+ 5) on block My74LS161, actual ratio is 0.

Final Macro Processing ...

=========================================================================
Final Register Report

Macro Statistics
# Registers                                            : 4
 Flip-Flops                                            : 4

=========================================================================

=========================================================================
*                           Partition Report                            *
=========================================================================

Partition Implementation Status
-------------------------------

  No Partitions were found in this design.

-------------------------------

=========================================================================
*                            Design Summary                             *
=========================================================================

Top Level Output File Name         : My74LS161.ngc

Primitive and Black Box Usage:
------------------------------
# BELS                             : 6
#      INV                         : 1
#      LUT3                        : 1
#      LUT4                        : 1
#      LUT5                        : 2
#      LUT6                        : 1
# FlipFlops/Latches                : 4
#      FDC                         : 4
# Clock Buffers                    : 1
#      BUFGP                       : 1
# IO Buffers                       : 12
#      IBUF                        : 7
#      OBUF                        : 5

Device utilization summary:
---------------------------

Selected Device : 7k160tffg676-1 


Slice Logic Utilization: 
 Number of Slice Registers:               4  out of  202800     0%  
 Number of Slice LUTs:                    6  out of  101400     0%  
    Number used as Logic:                 6  out of  101400     0%  

Slice Logic Distribution: 
 Number of LUT Flip Flop pairs used:     10
   Number with an unused Flip Flop:       6  out of     10    60%  
   Number with an unused LUT:             4  out of     10    40%  
   Number of fully used LUT-FF pairs:     0  out of     10     0%  
   Number of unique control sets:         1

IO Utilization: 
 Number of IOs:                          14
 Number of bonded IOBs:                  13  out of    400     3%  

Specific Feature Utilization:
 Number of BUFG/BUFGCTRLs:                1  out of     32     3%  

---------------------------
Partition Resource Summary:
---------------------------

  No Partitions were found in this design.

---------------------------


=========================================================================
Timing Report

NOTE: THESE TIMING NUMBERS ARE ONLY A SYNTHESIS ESTIMATE.
      FOR ACCURATE TIMING INFORMATION PLEASE REFER TO THE TRACE REPORT
      GENERATED AFTER PLACE-and-ROUTE.

Clock Information:
------------------
-----------------------------------+------------------------+-------+
Clock Signal                       | Clock buffer(FF name)  | Load  |
-----------------------------------+------------------------+-------+
CP                                 | BUFGP                  | 4     |
-----------------------------------+------------------------+-------+

Asynchronous Control Signals Information:
----------------------------------------
No asynchronous control signals found in this design

Timing Summary:
---------------
Speed Grade: -1

   Minimum period: 0.995ns (Maximum Frequency: 1005.025MHz)
   Minimum input arrival time before clock: 1.210ns
   Maximum output required time after clock: 1.473ns
   Maximum combinational path delay: 1.087ns

Timing Details:
---------------
All values displayed in nanoseconds (ns)

=========================================================================
Timing constraint: Default period analysis for Clock 'CP'
  Clock period: 0.995ns (frequency: 1005.025MHz)
  Total number of paths / destination ports: 10 / 4
-------------------------------------------------------------------------
Delay:               0.995ns (Levels of Logic = 1)
  Source:            Q_3 (FF)
  Destination:       Q_3 (FF)
  Source Clock:      CP rising
  Destination Clock: CP rising

  Data Path: Q_3 to Q_3
                                Gate     Net
    Cell:in->out      fanout   Delay   Delay  Logical Name (Net Name)
    ----------------------------------------  ------------
     FDC:C->Q              3   0.282   0.649  Q_3 (Q_3)
     LUT6:I2->O            1   0.053   0.000  Mcount_Q31 (Mcount_Q3)
     FDC:D                     0.011          Q_3
    ----------------------------------------
    Total                      0.995ns (0.346ns logic, 0.649ns route)
                                       (34.8% logic, 65.2% route)

=========================================================================
Timing constraint: Default OFFSET IN BEFORE for Clock 'CP'
  Total number of paths / destination ports: 12 / 8
-------------------------------------------------------------------------
Offset:              1.210ns (Levels of Logic = 2)
  Source:            _CR (PAD)
  Destination:       Q_0 (FF)
  Destination Clock: CP rising

  Data Path: _CR to Q_0
                                Gate     Net
    Cell:in->out      fanout   Delay   Delay  Logical Name (Net Name)
    ----------------------------------------  ------------
     IBUF:I->O             1   0.000   0.399  &CR_IBUF (&CR_IBUF)
     INV:I->O              4   0.067   0.419  _CR_inv1_INV_0 (_CR_inv)
     FDC:CLR                   0.325          Q_0
    ----------------------------------------
    Total                      1.210ns (0.392ns logic, 0.818ns route)
                                       (32.4% logic, 67.6% route)

=========================================================================
Timing constraint: Default OFFSET OUT AFTER for Clock 'CP'
  Total number of paths / destination ports: 8 / 5
-------------------------------------------------------------------------
Offset:              1.473ns (Levels of Logic = 2)
  Source:            Q_3 (FF)
  Destination:       Co (PAD)
  Source Clock:      CP rising

  Data Path: Q_3 to Co
                                Gate     Net
    Cell:in->out      fanout   Delay   Delay  Logical Name (Net Name)
    ----------------------------------------  ------------
     FDC:C->Q              3   0.282   0.739  Q_3 (Q_3)
     LUT5:I0->O            1   0.053   0.399  Co11 (Co_OBUF)
     OBUF:I->O                 0.000          Co_OBUF (Co)
    ----------------------------------------
    Total                      1.473ns (0.335ns logic, 1.138ns route)
                                       (22.7% logic, 77.3% route)

=========================================================================
Timing constraint: Default path analysis
  Total number of paths / destination ports: 1 / 1
-------------------------------------------------------------------------
Delay:               1.087ns (Levels of Logic = 3)
  Source:            CTt (PAD)
  Destination:       Co (PAD)

  Data Path: CTt to Co
                                Gate     Net
    Cell:in->out      fanout   Delay   Delay  Logical Name (Net Name)
    ----------------------------------------  ------------
     IBUF:I->O             1   0.000   0.635  CTt_IBUF (CTt_IBUF)
     LUT5:I1->O            1   0.053   0.399  Co11 (Co_OBUF)
     OBUF:I->O                 0.000          Co_OBUF (Co)
    ----------------------------------------
    Total                      1.087ns (0.053ns logic, 1.034ns route)
                                       (4.9% logic, 95.1% route)

=========================================================================

Cross Clock Domains Report:
--------------------------

Clock to Setup on destination clock CP
---------------+---------+---------+---------+---------+
               | Src:Rise| Src:Fall| Src:Rise| Src:Fall|
Source Clock   |Dest:Rise|Dest:Rise|Dest:Fall|Dest:Fall|
---------------+---------+---------+---------+---------+
CP             |    0.995|         |         |         |
---------------+---------+---------+---------+---------+

=========================================================================


Total REAL time to Xst completion: 8.00 secs
Total CPU time to Xst completion: 7.29 secs
 
--> 

Total memory usage is 4618796 kilobytes

Number of errors   :    0 (   0 filtered)
Number of warnings :    1 (   0 filtered)
Number of infos    :    0 (   0 filtered)

