--------------------------------------------------------------------------------
Release 14.7 Trace  (nt64)
Copyright (c) 1995-2013 Xilinx, Inc.  All rights reserved.

E:\Xilinx\14.7\ISE_DS\ISE\bin\nt64\unwrapped\trce.exe -intstyle ise -v 3 -s 1
-n 3 -fastpaths -xml Mux4to1b4_sch.twx Mux4to1b4_sch.ncd -o Mux4to1b4_sch.twr
Mux4to1b4_sch.pcf

Design file:              Mux4to1b4_sch.ncd
Physical constraint file: Mux4to1b4_sch.pcf
Device,package,speed:     xc7k160t,ffg676,C,-1 (PRODUCTION 1.10 2013-10-13)
Report level:             verbose report

Environment Variable      Effect 
--------------------      ------ 
NONE                      No environment variables were set
--------------------------------------------------------------------------------

INFO:Timing:2698 - No timing constraints found, doing default enumeration.
INFO:Timing:3412 - To improve timing, see the Timing Closure User Guide (UG612).
INFO:Timing:2752 - To get complete path coverage, use the unconstrained paths 
   option. All paths that are not constrained will be reported in the 
   unconstrained paths section(s) of the report.
INFO:Timing:3339 - The clock-to-out numbers in this timing report are based on 
   a 50 Ohm transmission line loading model.  For the details of this model, 
   and for more information on accounting for different loading conditions, 
   please see the device datasheet.



Data Sheet report:
-----------------
All values displayed in nanoseconds (ns)

Pad to Pad
---------------+---------------+---------+
Source Pad     |Destination Pad|  Delay  |
---------------+---------------+---------+
l0<0>          |o<0>           |    5.649|
l0<1>          |o<1>           |    5.733|
l0<2>          |o<2>           |    5.397|
l0<3>          |o<3>           |    5.842|
l1<0>          |o<0>           |    5.855|
l1<1>          |o<1>           |    5.821|
l1<2>          |o<2>           |    5.748|
l1<3>          |o<3>           |    5.690|
l2<0>          |o<0>           |    6.721|
l2<1>          |o<1>           |    6.419|
l2<2>          |o<2>           |    6.359|
l2<3>          |o<3>           |    6.370|
l3<0>          |o<0>           |    6.353|
l3<1>          |o<1>           |    6.643|
l3<2>          |o<2>           |    6.313|
l3<3>          |o<3>           |    6.404|
s<0>           |o<0>           |    6.991|
s<0>           |o<1>           |    7.345|
s<0>           |o<2>           |    6.929|
s<0>           |o<3>           |    7.222|
s<1>           |o<0>           |    7.107|
s<1>           |o<1>           |    7.461|
s<1>           |o<2>           |    7.045|
s<1>           |o<3>           |    7.338|
---------------+---------------+---------+


Analysis completed Fri Oct 29 00:44:47 2021 
--------------------------------------------------------------------------------

Trace Settings:
-------------------------
Trace Settings 

Peak Memory Usage: 5101 MB



