--------------------------------------------------------------------------------
Release 14.7 Trace  (nt64)
Copyright (c) 1995-2013 Xilinx, Inc.  All rights reserved.

E:\Xilinx\14.7\ISE_DS\ISE\bin\nt64\unwrapped\trce.exe -intstyle ise -v 3 -s 1
-n 3 -fastpaths -xml Top.twx Top.ncd -o Top.twr Top.pcf -ucf k7.ucf

Design file:              Top.ncd
Physical constraint file: Top.pcf
Device,package,speed:     xc7k160t,ffg676,C,-1 (PRODUCTION 1.10 2013-10-13)
Report level:             verbose report

Environment Variable      Effect 
--------------------      ------ 
NONE                      No environment variables were set
--------------------------------------------------------------------------------

INFO:Timing:3412 - To improve timing, see the Timing Closure User Guide (UG612).
INFO:Timing:2752 - To get complete path coverage, use the unconstrained paths 
   option. All paths that are not constrained will be reported in the 
   unconstrained paths section(s) of the report.
INFO:Timing:3339 - The clock-to-out numbers in this timing report are based on 
   a 50 Ohm transmission line loading model.  For the details of this model, 
   and for more information on accounting for different loading conditions, 
   please see the device datasheet.

================================================================================
Timing constraint: TS_CLK_100M = PERIOD TIMEGRP "TM_CLK" 10 ns HIGH 50%;
For more information, see Period Analysis in the Timing Closure User Guide (UG612).

 190 paths analyzed, 61 endpoints analyzed, 0 failing endpoints
 0 timing errors detected. (0 setup errors, 0 hold errors, 0 component switching limit errors)
 Minimum period is   1.600ns.
--------------------------------------------------------------------------------

Paths for end point m0/clkdiv_17 (SLICE_X54Y56.CIN), 16 paths
--------------------------------------------------------------------------------
Slack (setup path):     8.520ns (requirement - (data path - clock path skew + uncertainty))
  Source:               m0/clkdiv_1 (FF)
  Destination:          m0/clkdiv_17 (FF)
  Requirement:          10.000ns
  Data Path Delay:      1.422ns (Levels of Logic = 5)
  Clock Path Skew:      -0.023ns (0.136 - 0.159)
  Source Clock:         clk_BUFGP rising at 0.000ns
  Destination Clock:    clk_BUFGP rising at 10.000ns
  Clock Uncertainty:    0.035ns

  Clock Uncertainty:          0.035ns  ((TSJ^2 + TIJ^2)^1/2 + DJ) / 2 + PE
    Total System Jitter (TSJ):  0.070ns
    Total Input Jitter (TIJ):   0.000ns
    Discrete Jitter (DJ):       0.000ns
    Phase Error (PE):           0.000ns

  Maximum Data Path at Slow Process Corner: m0/clkdiv_1 to m0/clkdiv_17
    Location             Delay type         Delay(ns)  Physical Resource
                                                       Logical Resource(s)
    -------------------------------------------------  -------------------
    SLICE_X54Y52.BQ      Tcko                  0.308   m0/clkdiv<3>
                                                       m0/clkdiv_1
    SLICE_X54Y52.B2      net (fanout=1)        0.443   m0/clkdiv<1>
    SLICE_X54Y52.COUT    Topcyb                0.363   m0/clkdiv<3>
                                                       m0/clkdiv<1>_rt
                                                       m0/Mcount_clkdiv_cy<3>
    SLICE_X54Y53.CIN     net (fanout=1)        0.000   m0/Mcount_clkdiv_cy<3>
    SLICE_X54Y53.COUT    Tbyp                  0.060   m0/clkdiv<7>
                                                       m0/Mcount_clkdiv_cy<7>
    SLICE_X54Y54.CIN     net (fanout=1)        0.000   m0/Mcount_clkdiv_cy<7>
    SLICE_X54Y54.COUT    Tbyp                  0.060   m0/clkdiv<11>
                                                       m0/Mcount_clkdiv_cy<11>
    SLICE_X54Y55.CIN     net (fanout=1)        0.000   m0/Mcount_clkdiv_cy<11>
    SLICE_X54Y55.COUT    Tbyp                  0.060   m0/clkdiv<15>
                                                       m0/Mcount_clkdiv_cy<15>
    SLICE_X54Y56.CIN     net (fanout=1)        0.000   m0/Mcount_clkdiv_cy<15>
    SLICE_X54Y56.CLK     Tcinck                0.128   m0/clkdiv<18>
                                                       m0/Mcount_clkdiv_xor<18>
                                                       m0/clkdiv_17
    -------------------------------------------------  ---------------------------
    Total                                      1.422ns (0.979ns logic, 0.443ns route)
                                                       (68.8% logic, 31.2% route)

--------------------------------------------------------------------------------
Slack (setup path):     8.581ns (requirement - (data path - clock path skew + uncertainty))
  Source:               m0/clkdiv_5 (FF)
  Destination:          m0/clkdiv_17 (FF)
  Requirement:          10.000ns
  Data Path Delay:      1.362ns (Levels of Logic = 4)
  Clock Path Skew:      -0.022ns (0.136 - 0.158)
  Source Clock:         clk_BUFGP rising at 0.000ns
  Destination Clock:    clk_BUFGP rising at 10.000ns
  Clock Uncertainty:    0.035ns

  Clock Uncertainty:          0.035ns  ((TSJ^2 + TIJ^2)^1/2 + DJ) / 2 + PE
    Total System Jitter (TSJ):  0.070ns
    Total Input Jitter (TIJ):   0.000ns
    Discrete Jitter (DJ):       0.000ns
    Phase Error (PE):           0.000ns

  Maximum Data Path at Slow Process Corner: m0/clkdiv_5 to m0/clkdiv_17
    Location             Delay type         Delay(ns)  Physical Resource
                                                       Logical Resource(s)
    -------------------------------------------------  -------------------
    SLICE_X54Y53.BQ      Tcko                  0.308   m0/clkdiv<7>
                                                       m0/clkdiv_5
    SLICE_X54Y53.B2      net (fanout=1)        0.443   m0/clkdiv<5>
    SLICE_X54Y53.COUT    Topcyb                0.363   m0/clkdiv<7>
                                                       m0/clkdiv<5>_rt
                                                       m0/Mcount_clkdiv_cy<7>
    SLICE_X54Y54.CIN     net (fanout=1)        0.000   m0/Mcount_clkdiv_cy<7>
    SLICE_X54Y54.COUT    Tbyp                  0.060   m0/clkdiv<11>
                                                       m0/Mcount_clkdiv_cy<11>
    SLICE_X54Y55.CIN     net (fanout=1)        0.000   m0/Mcount_clkdiv_cy<11>
    SLICE_X54Y55.COUT    Tbyp                  0.060   m0/clkdiv<15>
                                                       m0/Mcount_clkdiv_cy<15>
    SLICE_X54Y56.CIN     net (fanout=1)        0.000   m0/Mcount_clkdiv_cy<15>
    SLICE_X54Y56.CLK     Tcinck                0.128   m0/clkdiv<18>
                                                       m0/Mcount_clkdiv_xor<18>
                                                       m0/clkdiv_17
    -------------------------------------------------  ---------------------------
    Total                                      1.362ns (0.919ns logic, 0.443ns route)
                                                       (67.5% logic, 32.5% route)

--------------------------------------------------------------------------------
Slack (setup path):     8.610ns (requirement - (data path - clock path skew + uncertainty))
  Source:               m0/clkdiv_2 (FF)
  Destination:          m0/clkdiv_17 (FF)
  Requirement:          10.000ns
  Data Path Delay:      1.332ns (Levels of Logic = 5)
  Clock Path Skew:      -0.023ns (0.136 - 0.159)
  Source Clock:         clk_BUFGP rising at 0.000ns
  Destination Clock:    clk_BUFGP rising at 10.000ns
  Clock Uncertainty:    0.035ns

  Clock Uncertainty:          0.035ns  ((TSJ^2 + TIJ^2)^1/2 + DJ) / 2 + PE
    Total System Jitter (TSJ):  0.070ns
    Total Input Jitter (TIJ):   0.000ns
    Discrete Jitter (DJ):       0.000ns
    Phase Error (PE):           0.000ns

  Maximum Data Path at Slow Process Corner: m0/clkdiv_2 to m0/clkdiv_17
    Location             Delay type         Delay(ns)  Physical Resource
                                                       Logical Resource(s)
    -------------------------------------------------  -------------------
    SLICE_X54Y52.CQ      Tcko                  0.308   m0/clkdiv<3>
                                                       m0/clkdiv_2
    SLICE_X54Y52.C2      net (fanout=1)        0.444   m0/clkdiv<2>
    SLICE_X54Y52.COUT    Topcyc                0.272   m0/clkdiv<3>
                                                       m0/clkdiv<2>_rt
                                                       m0/Mcount_clkdiv_cy<3>
    SLICE_X54Y53.CIN     net (fanout=1)        0.000   m0/Mcount_clkdiv_cy<3>
    SLICE_X54Y53.COUT    Tbyp                  0.060   m0/clkdiv<7>
                                                       m0/Mcount_clkdiv_cy<7>
    SLICE_X54Y54.CIN     net (fanout=1)        0.000   m0/Mcount_clkdiv_cy<7>
    SLICE_X54Y54.COUT    Tbyp                  0.060   m0/clkdiv<11>
                                                       m0/Mcount_clkdiv_cy<11>
    SLICE_X54Y55.CIN     net (fanout=1)        0.000   m0/Mcount_clkdiv_cy<11>
    SLICE_X54Y55.COUT    Tbyp                  0.060   m0/clkdiv<15>
                                                       m0/Mcount_clkdiv_cy<15>
    SLICE_X54Y56.CIN     net (fanout=1)        0.000   m0/Mcount_clkdiv_cy<15>
    SLICE_X54Y56.CLK     Tcinck                0.128   m0/clkdiv<18>
                                                       m0/Mcount_clkdiv_xor<18>
                                                       m0/clkdiv_17
    -------------------------------------------------  ---------------------------
    Total                                      1.332ns (0.888ns logic, 0.444ns route)
                                                       (66.7% logic, 33.3% route)

--------------------------------------------------------------------------------

Paths for end point m0/clkdiv_13 (SLICE_X54Y55.CIN), 12 paths
--------------------------------------------------------------------------------
Slack (setup path):     8.580ns (requirement - (data path - clock path skew + uncertainty))
  Source:               m0/clkdiv_1 (FF)
  Destination:          m0/clkdiv_13 (FF)
  Requirement:          10.000ns
  Data Path Delay:      1.362ns (Levels of Logic = 4)
  Clock Path Skew:      -0.023ns (0.136 - 0.159)
  Source Clock:         clk_BUFGP rising at 0.000ns
  Destination Clock:    clk_BUFGP rising at 10.000ns
  Clock Uncertainty:    0.035ns

  Clock Uncertainty:          0.035ns  ((TSJ^2 + TIJ^2)^1/2 + DJ) / 2 + PE
    Total System Jitter (TSJ):  0.070ns
    Total Input Jitter (TIJ):   0.000ns
    Discrete Jitter (DJ):       0.000ns
    Phase Error (PE):           0.000ns

  Maximum Data Path at Slow Process Corner: m0/clkdiv_1 to m0/clkdiv_13
    Location             Delay type         Delay(ns)  Physical Resource
                                                       Logical Resource(s)
    -------------------------------------------------  -------------------
    SLICE_X54Y52.BQ      Tcko                  0.308   m0/clkdiv<3>
                                                       m0/clkdiv_1
    SLICE_X54Y52.B2      net (fanout=1)        0.443   m0/clkdiv<1>
    SLICE_X54Y52.COUT    Topcyb                0.363   m0/clkdiv<3>
                                                       m0/clkdiv<1>_rt
                                                       m0/Mcount_clkdiv_cy<3>
    SLICE_X54Y53.CIN     net (fanout=1)        0.000   m0/Mcount_clkdiv_cy<3>
    SLICE_X54Y53.COUT    Tbyp                  0.060   m0/clkdiv<7>
                                                       m0/Mcount_clkdiv_cy<7>
    SLICE_X54Y54.CIN     net (fanout=1)        0.000   m0/Mcount_clkdiv_cy<7>
    SLICE_X54Y54.COUT    Tbyp                  0.060   m0/clkdiv<11>
                                                       m0/Mcount_clkdiv_cy<11>
    SLICE_X54Y55.CIN     net (fanout=1)        0.000   m0/Mcount_clkdiv_cy<11>
    SLICE_X54Y55.CLK     Tcinck                0.128   m0/clkdiv<15>
                                                       m0/Mcount_clkdiv_cy<15>
                                                       m0/clkdiv_13
    -------------------------------------------------  ---------------------------
    Total                                      1.362ns (0.919ns logic, 0.443ns route)
                                                       (67.5% logic, 32.5% route)

--------------------------------------------------------------------------------
Slack (setup path):     8.641ns (requirement - (data path - clock path skew + uncertainty))
  Source:               m0/clkdiv_5 (FF)
  Destination:          m0/clkdiv_13 (FF)
  Requirement:          10.000ns
  Data Path Delay:      1.302ns (Levels of Logic = 3)
  Clock Path Skew:      -0.022ns (0.136 - 0.158)
  Source Clock:         clk_BUFGP rising at 0.000ns
  Destination Clock:    clk_BUFGP rising at 10.000ns
  Clock Uncertainty:    0.035ns

  Clock Uncertainty:          0.035ns  ((TSJ^2 + TIJ^2)^1/2 + DJ) / 2 + PE
    Total System Jitter (TSJ):  0.070ns
    Total Input Jitter (TIJ):   0.000ns
    Discrete Jitter (DJ):       0.000ns
    Phase Error (PE):           0.000ns

  Maximum Data Path at Slow Process Corner: m0/clkdiv_5 to m0/clkdiv_13
    Location             Delay type         Delay(ns)  Physical Resource
                                                       Logical Resource(s)
    -------------------------------------------------  -------------------
    SLICE_X54Y53.BQ      Tcko                  0.308   m0/clkdiv<7>
                                                       m0/clkdiv_5
    SLICE_X54Y53.B2      net (fanout=1)        0.443   m0/clkdiv<5>
    SLICE_X54Y53.COUT    Topcyb                0.363   m0/clkdiv<7>
                                                       m0/clkdiv<5>_rt
                                                       m0/Mcount_clkdiv_cy<7>
    SLICE_X54Y54.CIN     net (fanout=1)        0.000   m0/Mcount_clkdiv_cy<7>
    SLICE_X54Y54.COUT    Tbyp                  0.060   m0/clkdiv<11>
                                                       m0/Mcount_clkdiv_cy<11>
    SLICE_X54Y55.CIN     net (fanout=1)        0.000   m0/Mcount_clkdiv_cy<11>
    SLICE_X54Y55.CLK     Tcinck                0.128   m0/clkdiv<15>
                                                       m0/Mcount_clkdiv_cy<15>
                                                       m0/clkdiv_13
    -------------------------------------------------  ---------------------------
    Total                                      1.302ns (0.859ns logic, 0.443ns route)
                                                       (66.0% logic, 34.0% route)

--------------------------------------------------------------------------------
Slack (setup path):     8.670ns (requirement - (data path - clock path skew + uncertainty))
  Source:               m0/clkdiv_2 (FF)
  Destination:          m0/clkdiv_13 (FF)
  Requirement:          10.000ns
  Data Path Delay:      1.272ns (Levels of Logic = 4)
  Clock Path Skew:      -0.023ns (0.136 - 0.159)
  Source Clock:         clk_BUFGP rising at 0.000ns
  Destination Clock:    clk_BUFGP rising at 10.000ns
  Clock Uncertainty:    0.035ns

  Clock Uncertainty:          0.035ns  ((TSJ^2 + TIJ^2)^1/2 + DJ) / 2 + PE
    Total System Jitter (TSJ):  0.070ns
    Total Input Jitter (TIJ):   0.000ns
    Discrete Jitter (DJ):       0.000ns
    Phase Error (PE):           0.000ns

  Maximum Data Path at Slow Process Corner: m0/clkdiv_2 to m0/clkdiv_13
    Location             Delay type         Delay(ns)  Physical Resource
                                                       Logical Resource(s)
    -------------------------------------------------  -------------------
    SLICE_X54Y52.CQ      Tcko                  0.308   m0/clkdiv<3>
                                                       m0/clkdiv_2
    SLICE_X54Y52.C2      net (fanout=1)        0.444   m0/clkdiv<2>
    SLICE_X54Y52.COUT    Topcyc                0.272   m0/clkdiv<3>
                                                       m0/clkdiv<2>_rt
                                                       m0/Mcount_clkdiv_cy<3>
    SLICE_X54Y53.CIN     net (fanout=1)        0.000   m0/Mcount_clkdiv_cy<3>
    SLICE_X54Y53.COUT    Tbyp                  0.060   m0/clkdiv<7>
                                                       m0/Mcount_clkdiv_cy<7>
    SLICE_X54Y54.CIN     net (fanout=1)        0.000   m0/Mcount_clkdiv_cy<7>
    SLICE_X54Y54.COUT    Tbyp                  0.060   m0/clkdiv<11>
                                                       m0/Mcount_clkdiv_cy<11>
    SLICE_X54Y55.CIN     net (fanout=1)        0.000   m0/Mcount_clkdiv_cy<11>
    SLICE_X54Y55.CLK     Tcinck                0.128   m0/clkdiv<15>
                                                       m0/Mcount_clkdiv_cy<15>
                                                       m0/clkdiv_13
    -------------------------------------------------  ---------------------------
    Total                                      1.272ns (0.828ns logic, 0.444ns route)
                                                       (65.1% logic, 34.9% route)

--------------------------------------------------------------------------------

Paths for end point m0/clkdiv_18 (SLICE_X54Y56.CIN), 16 paths
--------------------------------------------------------------------------------
Slack (setup path):     8.595ns (requirement - (data path - clock path skew + uncertainty))
  Source:               m0/clkdiv_1 (FF)
  Destination:          m0/clkdiv_18 (FF)
  Requirement:          10.000ns
  Data Path Delay:      1.347ns (Levels of Logic = 5)
  Clock Path Skew:      -0.023ns (0.136 - 0.159)
  Source Clock:         clk_BUFGP rising at 0.000ns
  Destination Clock:    clk_BUFGP rising at 10.000ns
  Clock Uncertainty:    0.035ns

  Clock Uncertainty:          0.035ns  ((TSJ^2 + TIJ^2)^1/2 + DJ) / 2 + PE
    Total System Jitter (TSJ):  0.070ns
    Total Input Jitter (TIJ):   0.000ns
    Discrete Jitter (DJ):       0.000ns
    Phase Error (PE):           0.000ns

  Maximum Data Path at Slow Process Corner: m0/clkdiv_1 to m0/clkdiv_18
    Location             Delay type         Delay(ns)  Physical Resource
                                                       Logical Resource(s)
    -------------------------------------------------  -------------------
    SLICE_X54Y52.BQ      Tcko                  0.308   m0/clkdiv<3>
                                                       m0/clkdiv_1
    SLICE_X54Y52.B2      net (fanout=1)        0.443   m0/clkdiv<1>
    SLICE_X54Y52.COUT    Topcyb                0.363   m0/clkdiv<3>
                                                       m0/clkdiv<1>_rt
                                                       m0/Mcount_clkdiv_cy<3>
    SLICE_X54Y53.CIN     net (fanout=1)        0.000   m0/Mcount_clkdiv_cy<3>
    SLICE_X54Y53.COUT    Tbyp                  0.060   m0/clkdiv<7>
                                                       m0/Mcount_clkdiv_cy<7>
    SLICE_X54Y54.CIN     net (fanout=1)        0.000   m0/Mcount_clkdiv_cy<7>
    SLICE_X54Y54.COUT    Tbyp                  0.060   m0/clkdiv<11>
                                                       m0/Mcount_clkdiv_cy<11>
    SLICE_X54Y55.CIN     net (fanout=1)        0.000   m0/Mcount_clkdiv_cy<11>
    SLICE_X54Y55.COUT    Tbyp                  0.060   m0/clkdiv<15>
                                                       m0/Mcount_clkdiv_cy<15>
    SLICE_X54Y56.CIN     net (fanout=1)        0.000   m0/Mcount_clkdiv_cy<15>
    SLICE_X54Y56.CLK     Tcinck                0.053   m0/clkdiv<18>
                                                       m0/Mcount_clkdiv_xor<18>
                                                       m0/clkdiv_18
    -------------------------------------------------  ---------------------------
    Total                                      1.347ns (0.904ns logic, 0.443ns route)
                                                       (67.1% logic, 32.9% route)

--------------------------------------------------------------------------------
Slack (setup path):     8.656ns (requirement - (data path - clock path skew + uncertainty))
  Source:               m0/clkdiv_5 (FF)
  Destination:          m0/clkdiv_18 (FF)
  Requirement:          10.000ns
  Data Path Delay:      1.287ns (Levels of Logic = 4)
  Clock Path Skew:      -0.022ns (0.136 - 0.158)
  Source Clock:         clk_BUFGP rising at 0.000ns
  Destination Clock:    clk_BUFGP rising at 10.000ns
  Clock Uncertainty:    0.035ns

  Clock Uncertainty:          0.035ns  ((TSJ^2 + TIJ^2)^1/2 + DJ) / 2 + PE
    Total System Jitter (TSJ):  0.070ns
    Total Input Jitter (TIJ):   0.000ns
    Discrete Jitter (DJ):       0.000ns
    Phase Error (PE):           0.000ns

  Maximum Data Path at Slow Process Corner: m0/clkdiv_5 to m0/clkdiv_18
    Location             Delay type         Delay(ns)  Physical Resource
                                                       Logical Resource(s)
    -------------------------------------------------  -------------------
    SLICE_X54Y53.BQ      Tcko                  0.308   m0/clkdiv<7>
                                                       m0/clkdiv_5
    SLICE_X54Y53.B2      net (fanout=1)        0.443   m0/clkdiv<5>
    SLICE_X54Y53.COUT    Topcyb                0.363   m0/clkdiv<7>
                                                       m0/clkdiv<5>_rt
                                                       m0/Mcount_clkdiv_cy<7>
    SLICE_X54Y54.CIN     net (fanout=1)        0.000   m0/Mcount_clkdiv_cy<7>
    SLICE_X54Y54.COUT    Tbyp                  0.060   m0/clkdiv<11>
                                                       m0/Mcount_clkdiv_cy<11>
    SLICE_X54Y55.CIN     net (fanout=1)        0.000   m0/Mcount_clkdiv_cy<11>
    SLICE_X54Y55.COUT    Tbyp                  0.060   m0/clkdiv<15>
                                                       m0/Mcount_clkdiv_cy<15>
    SLICE_X54Y56.CIN     net (fanout=1)        0.000   m0/Mcount_clkdiv_cy<15>
    SLICE_X54Y56.CLK     Tcinck                0.053   m0/clkdiv<18>
                                                       m0/Mcount_clkdiv_xor<18>
                                                       m0/clkdiv_18
    -------------------------------------------------  ---------------------------
    Total                                      1.287ns (0.844ns logic, 0.443ns route)
                                                       (65.6% logic, 34.4% route)

--------------------------------------------------------------------------------
Slack (setup path):     8.685ns (requirement - (data path - clock path skew + uncertainty))
  Source:               m0/clkdiv_2 (FF)
  Destination:          m0/clkdiv_18 (FF)
  Requirement:          10.000ns
  Data Path Delay:      1.257ns (Levels of Logic = 5)
  Clock Path Skew:      -0.023ns (0.136 - 0.159)
  Source Clock:         clk_BUFGP rising at 0.000ns
  Destination Clock:    clk_BUFGP rising at 10.000ns
  Clock Uncertainty:    0.035ns

  Clock Uncertainty:          0.035ns  ((TSJ^2 + TIJ^2)^1/2 + DJ) / 2 + PE
    Total System Jitter (TSJ):  0.070ns
    Total Input Jitter (TIJ):   0.000ns
    Discrete Jitter (DJ):       0.000ns
    Phase Error (PE):           0.000ns

  Maximum Data Path at Slow Process Corner: m0/clkdiv_2 to m0/clkdiv_18
    Location             Delay type         Delay(ns)  Physical Resource
                                                       Logical Resource(s)
    -------------------------------------------------  -------------------
    SLICE_X54Y52.CQ      Tcko                  0.308   m0/clkdiv<3>
                                                       m0/clkdiv_2
    SLICE_X54Y52.C2      net (fanout=1)        0.444   m0/clkdiv<2>
    SLICE_X54Y52.COUT    Topcyc                0.272   m0/clkdiv<3>
                                                       m0/clkdiv<2>_rt
                                                       m0/Mcount_clkdiv_cy<3>
    SLICE_X54Y53.CIN     net (fanout=1)        0.000   m0/Mcount_clkdiv_cy<3>
    SLICE_X54Y53.COUT    Tbyp                  0.060   m0/clkdiv<7>
                                                       m0/Mcount_clkdiv_cy<7>
    SLICE_X54Y54.CIN     net (fanout=1)        0.000   m0/Mcount_clkdiv_cy<7>
    SLICE_X54Y54.COUT    Tbyp                  0.060   m0/clkdiv<11>
                                                       m0/Mcount_clkdiv_cy<11>
    SLICE_X54Y55.CIN     net (fanout=1)        0.000   m0/Mcount_clkdiv_cy<11>
    SLICE_X54Y55.COUT    Tbyp                  0.060   m0/clkdiv<15>
                                                       m0/Mcount_clkdiv_cy<15>
    SLICE_X54Y56.CIN     net (fanout=1)        0.000   m0/Mcount_clkdiv_cy<15>
    SLICE_X54Y56.CLK     Tcinck                0.053   m0/clkdiv<18>
                                                       m0/Mcount_clkdiv_xor<18>
                                                       m0/clkdiv_18
    -------------------------------------------------  ---------------------------
    Total                                      1.257ns (0.813ns logic, 0.444ns route)
                                                       (64.7% logic, 35.3% route)

--------------------------------------------------------------------------------

Hold Paths: TS_CLK_100M = PERIOD TIMEGRP "TM_CLK" 10 ns HIGH 50%;
--------------------------------------------------------------------------------

Paths for end point m0/clkdiv_3 (SLICE_X54Y52.D3), 1 path
--------------------------------------------------------------------------------
Slack (hold path):      0.239ns (requirement - (clock path skew + uncertainty - data path))
  Source:               m0/clkdiv_3 (FF)
  Destination:          m0/clkdiv_3 (FF)
  Requirement:          0.000ns
  Data Path Delay:      0.239ns (Levels of Logic = 1)
  Clock Path Skew:      0.000ns
  Source Clock:         clk_BUFGP rising at 10.000ns
  Destination Clock:    clk_BUFGP rising at 10.000ns
  Clock Uncertainty:    0.000ns

  Minimum Data Path at Fast Process Corner: m0/clkdiv_3 to m0/clkdiv_3
    Location             Delay type         Delay(ns)  Physical Resource
                                                       Logical Resource(s)
    -------------------------------------------------  -------------------
    SLICE_X54Y52.DQ      Tcko                  0.118   m0/clkdiv<3>
                                                       m0/clkdiv_3
    SLICE_X54Y52.D3      net (fanout=1)        0.139   m0/clkdiv<3>
    SLICE_X54Y52.CLK     Tah         (-Th)     0.018   m0/clkdiv<3>
                                                       m0/clkdiv<3>_rt
                                                       m0/Mcount_clkdiv_cy<3>
                                                       m0/clkdiv_3
    -------------------------------------------------  ---------------------------
    Total                                      0.239ns (0.100ns logic, 0.139ns route)
                                                       (41.8% logic, 58.2% route)

--------------------------------------------------------------------------------

Paths for end point m0/clkdiv_7 (SLICE_X54Y53.D3), 1 path
--------------------------------------------------------------------------------
Slack (hold path):      0.239ns (requirement - (clock path skew + uncertainty - data path))
  Source:               m0/clkdiv_7 (FF)
  Destination:          m0/clkdiv_7 (FF)
  Requirement:          0.000ns
  Data Path Delay:      0.239ns (Levels of Logic = 1)
  Clock Path Skew:      0.000ns
  Source Clock:         clk_BUFGP rising at 10.000ns
  Destination Clock:    clk_BUFGP rising at 10.000ns
  Clock Uncertainty:    0.000ns

  Minimum Data Path at Fast Process Corner: m0/clkdiv_7 to m0/clkdiv_7
    Location             Delay type         Delay(ns)  Physical Resource
                                                       Logical Resource(s)
    -------------------------------------------------  -------------------
    SLICE_X54Y53.DQ      Tcko                  0.118   m0/clkdiv<7>
                                                       m0/clkdiv_7
    SLICE_X54Y53.D3      net (fanout=1)        0.139   m0/clkdiv<7>
    SLICE_X54Y53.CLK     Tah         (-Th)     0.018   m0/clkdiv<7>
                                                       m0/clkdiv<7>_rt
                                                       m0/Mcount_clkdiv_cy<7>
                                                       m0/clkdiv_7
    -------------------------------------------------  ---------------------------
    Total                                      0.239ns (0.100ns logic, 0.139ns route)
                                                       (41.8% logic, 58.2% route)

--------------------------------------------------------------------------------

Paths for end point m0/clkdiv_11 (SLICE_X54Y54.D3), 1 path
--------------------------------------------------------------------------------
Slack (hold path):      0.239ns (requirement - (clock path skew + uncertainty - data path))
  Source:               m0/clkdiv_11 (FF)
  Destination:          m0/clkdiv_11 (FF)
  Requirement:          0.000ns
  Data Path Delay:      0.239ns (Levels of Logic = 1)
  Clock Path Skew:      0.000ns
  Source Clock:         clk_BUFGP rising at 10.000ns
  Destination Clock:    clk_BUFGP rising at 10.000ns
  Clock Uncertainty:    0.000ns

  Minimum Data Path at Fast Process Corner: m0/clkdiv_11 to m0/clkdiv_11
    Location             Delay type         Delay(ns)  Physical Resource
                                                       Logical Resource(s)
    -------------------------------------------------  -------------------
    SLICE_X54Y54.DQ      Tcko                  0.118   m0/clkdiv<11>
                                                       m0/clkdiv_11
    SLICE_X54Y54.D3      net (fanout=1)        0.139   m0/clkdiv<11>
    SLICE_X54Y54.CLK     Tah         (-Th)     0.018   m0/clkdiv<11>
                                                       m0/clkdiv<11>_rt
                                                       m0/Mcount_clkdiv_cy<11>
                                                       m0/clkdiv_11
    -------------------------------------------------  ---------------------------
    Total                                      0.239ns (0.100ns logic, 0.139ns route)
                                                       (41.8% logic, 58.2% route)

--------------------------------------------------------------------------------

Component Switching Limit Checks: TS_CLK_100M = PERIOD TIMEGRP "TM_CLK" 10 ns HIGH 50%;
--------------------------------------------------------------------------------
Slack: 8.400ns (period - min period limit)
  Period: 10.000ns
  Min period limit: 1.600ns (625.000MHz) (Tbcper_I(Fmax))
  Physical resource: clk_BUFGP/BUFG/I0
  Logical resource: clk_BUFGP/BUFG/I0
  Location pin: BUFGCTRL_X0Y0.I0
  Clock network: clk_BUFGP/IBUFG
--------------------------------------------------------------------------------
Slack: 9.300ns (period - (min low pulse limit / (low pulse / period)))
  Period: 10.000ns
  Low pulse: 5.000ns
  Low pulse limit: 0.350ns (Tcl)
  Physical resource: m0/clkdiv<3>/CLK
  Logical resource: m0/clkdiv_0/CK
  Location pin: SLICE_X54Y52.CLK
  Clock network: clk_BUFGP
--------------------------------------------------------------------------------
Slack: 9.300ns (period - (min high pulse limit / (high pulse / period)))
  Period: 10.000ns
  High pulse: 5.000ns
  High pulse limit: 0.350ns (Tch)
  Physical resource: m0/clkdiv<3>/CLK
  Logical resource: m0/clkdiv_0/CK
  Location pin: SLICE_X54Y52.CLK
  Clock network: clk_BUFGP
--------------------------------------------------------------------------------


All constraints were met.


Data Sheet report:
-----------------
All values displayed in nanoseconds (ns)

Clock to Setup on destination clock clk
---------------+---------+---------+---------+---------+
               | Src:Rise| Src:Fall| Src:Rise| Src:Fall|
Source Clock   |Dest:Rise|Dest:Rise|Dest:Fall|Dest:Fall|
---------------+---------+---------+---------+---------+
clk            |    1.480|         |         |         |
---------------+---------+---------+---------+---------+


Timing summary:
---------------

Timing errors: 0  Score: 0  (Setup/Max: 0, Hold: 0)

Constraints cover 190 paths, 0 nets, and 29 connections

Design statistics:
   Minimum period:   1.600ns{1}   (Maximum frequency: 625.000MHz)


------------------------------------Footnotes-----------------------------------
1)  The minimum period statistic assumes all single cycle delays.

Analysis completed Wed Dec 15 16:53:45 2021 
--------------------------------------------------------------------------------

Trace Settings:
-------------------------
Trace Settings 

Peak Memory Usage: 5102 MB



