Running: E:\Xilinx\14.7\ISE_DS\ISE\bin\nt64\unwrapped\fuse.exe -intstyle ise -incremental -lib unisims_ver -lib unimacro_ver -lib xilinxcorelib_ver -lib secureip -o E:/ISE_Program/MyCounter/Counter4b_Counter4b_sch_tb_isim_beh.exe -prj E:/ISE_Program/MyCounter/Counter4b_Counter4b_sch_tb_beh.prj work.Counter4b_Counter4b_sch_tb work.glbl 
ISim P.20131013 (signature 0x7708f090)
Number of CPUs detected in this system: 12
Turning on mult-threading, number of parallel sub-compilation jobs: 24 
Determining compilation order of HDL files
Analyzing Verilog file "E:/ISE_Program/MyCounter/Counter4b.vf" into library work
Analyzing Verilog file "E:/ISE_Program/MyCounter/Counter4b_sim.v" into library work
Analyzing Verilog file "E:/Xilinx/14.7/ISE_DS/ISE//verilog/src/glbl.v" into library work
Starting static elaboration
Completed static elaboration
Compiling module NOR4
Compiling module NOR3
Compiling module NOR2
Compiling module XNOR2
Compiling module FD
Compiling module INV
Compiling module Counter4b
Compiling module Counter4b_Counter4b_sch_tb
Compiling module glbl
Time Resolution for simulation is 1ps.
Waiting for 1 sub-compilation(s) to finish...
Compiled 9 Verilog Units
Built simulation executable E:/ISE_Program/MyCounter/Counter4b_Counter4b_sch_tb_isim_beh.exe
Fuse Memory Usage: 29080 KB
Fuse CPU Usage: 530 ms
