--------------------------------------------------------------------------------
Release 14.7 Trace  (nt64)
Copyright (c) 1995-2013 Xilinx, Inc.  All rights reserved.

E:\Xilinx\14.7\ISE_DS\ISE\bin\nt64\unwrapped\trce.exe -intstyle ise -v 3 -s 1
-n 3 -fastpaths -xml top.twx top.ncd -o top.twr top.pcf -ucf top_ucf.ucf

Design file:              top.ncd
Physical constraint file: top.pcf
Device,package,speed:     xc7k160t,ffg676,C,-1 (PRODUCTION 1.10 2013-10-13)
Report level:             verbose report

Environment Variable      Effect 
--------------------      ------ 
NONE                      No environment variables were set
--------------------------------------------------------------------------------

INFO:Timing:2698 - No timing constraints found, doing default enumeration.
INFO:Timing:3412 - To improve timing, see the Timing Closure User Guide (UG612).
INFO:Timing:2752 - To get complete path coverage, use the unconstrained paths 
   option. All paths that are not constrained will be reported in the 
   unconstrained paths section(s) of the report.
INFO:Timing:3339 - The clock-to-out numbers in this timing report are based on 
   a 50 Ohm transmission line loading model.  For the details of this model, 
   and for more information on accounting for different loading conditions, 
   please see the device datasheet.



Data Sheet report:
-----------------
All values displayed in nanoseconds (ns)

Clock btn<0> to Pad
------------+-----------------+------------+-----------------+------------+------------------+--------+
            |Max (slowest) clk|  Process   |Min (fastest) clk|  Process   |                  | Clock  |
Destination |  (edge) to PAD  |   Corner   |  (edge) to PAD  |   Corner   |Internal Clock(s) | Phase  |
------------+-----------------+------------+-----------------+------------+------------------+--------+
SEGMENT<0>  |        14.190(R)|      SLOW  |         5.386(R)|      FAST  |btn_0_BUFGP       |   0.000|
SEGMENT<1>  |        13.881(R)|      SLOW  |         5.221(R)|      FAST  |btn_0_BUFGP       |   0.000|
SEGMENT<2>  |        14.036(R)|      SLOW  |         5.199(R)|      FAST  |btn_0_BUFGP       |   0.000|
SEGMENT<3>  |        14.444(R)|      SLOW  |         5.299(R)|      FAST  |btn_0_BUFGP       |   0.000|
SEGMENT<4>  |        13.264(R)|      SLOW  |         5.046(R)|      FAST  |btn_0_BUFGP       |   0.000|
SEGMENT<5>  |        13.694(R)|      SLOW  |         5.156(R)|      FAST  |btn_0_BUFGP       |   0.000|
SEGMENT<6>  |        13.434(R)|      SLOW  |         5.095(R)|      FAST  |btn_0_BUFGP       |   0.000|
------------+-----------------+------------+-----------------+------------+------------------+--------+

Clock btn<1> to Pad
------------+-----------------+------------+-----------------+------------+------------------+--------+
            |Max (slowest) clk|  Process   |Min (fastest) clk|  Process   |                  | Clock  |
Destination |  (edge) to PAD  |   Corner   |  (edge) to PAD  |   Corner   |Internal Clock(s) | Phase  |
------------+-----------------+------------+-----------------+------------+------------------+--------+
SEGMENT<0>  |        14.333(R)|      SLOW  |         5.271(R)|      FAST  |btn_1_BUFGP       |   0.000|
SEGMENT<1>  |        13.762(R)|      SLOW  |         5.253(R)|      FAST  |btn_1_BUFGP       |   0.000|
SEGMENT<2>  |        14.007(R)|      SLOW  |         5.149(R)|      FAST  |btn_1_BUFGP       |   0.000|
SEGMENT<3>  |        14.381(R)|      SLOW  |         5.318(R)|      FAST  |btn_1_BUFGP       |   0.000|
SEGMENT<4>  |        13.407(R)|      SLOW  |         4.976(R)|      FAST  |btn_1_BUFGP       |   0.000|
SEGMENT<5>  |        13.837(R)|      SLOW  |         5.020(R)|      FAST  |btn_1_BUFGP       |   0.000|
SEGMENT<6>  |        13.577(R)|      SLOW  |         5.064(R)|      FAST  |btn_1_BUFGP       |   0.000|
------------+-----------------+------------+-----------------+------------+------------------+--------+

Clock btn<2> to Pad
------------+-----------------+------------+-----------------+------------+------------------+--------+
            |Max (slowest) clk|  Process   |Min (fastest) clk|  Process   |                  | Clock  |
Destination |  (edge) to PAD  |   Corner   |  (edge) to PAD  |   Corner   |Internal Clock(s) | Phase  |
------------+-----------------+------------+-----------------+------------+------------------+--------+
SEGMENT<0>  |        15.219(R)|      SLOW  |         5.641(R)|      FAST  |btn_2_BUFGP       |   0.000|
SEGMENT<1>  |        14.875(R)|      SLOW  |         5.496(R)|      FAST  |btn_2_BUFGP       |   0.000|
SEGMENT<2>  |        15.083(R)|      SLOW  |         5.434(R)|      FAST  |btn_2_BUFGP       |   0.000|
SEGMENT<3>  |        15.413(R)|      SLOW  |         5.562(R)|      FAST  |btn_2_BUFGP       |   0.000|
SEGMENT<4>  |        14.273(R)|      SLOW  |         5.318(R)|      FAST  |btn_2_BUFGP       |   0.000|
SEGMENT<5>  |        14.703(R)|      SLOW  |         5.481(R)|      FAST  |btn_2_BUFGP       |   0.000|
SEGMENT<6>  |        14.443(R)|      SLOW  |         5.339(R)|      FAST  |btn_2_BUFGP       |   0.000|
------------+-----------------+------------+-----------------+------------+------------------+--------+

Clock btn<3> to Pad
------------+-----------------+------------+-----------------+------------+------------------+--------+
            |Max (slowest) clk|  Process   |Min (fastest) clk|  Process   |                  | Clock  |
Destination |  (edge) to PAD  |   Corner   |  (edge) to PAD  |   Corner   |Internal Clock(s) | Phase  |
------------+-----------------+------------+-----------------+------------+------------------+--------+
SEGMENT<0>  |        14.910(R)|      SLOW  |         5.567(R)|      FAST  |btn_3_BUFGP       |   0.000|
SEGMENT<1>  |        14.601(R)|      SLOW  |         5.372(R)|      FAST  |btn_3_BUFGP       |   0.000|
SEGMENT<2>  |        14.756(R)|      SLOW  |         5.437(R)|      FAST  |btn_3_BUFGP       |   0.000|
SEGMENT<3>  |        15.164(R)|      SLOW  |         5.450(R)|      FAST  |btn_3_BUFGP       |   0.000|
SEGMENT<4>  |        13.967(R)|      SLOW  |         5.321(R)|      FAST  |btn_3_BUFGP       |   0.000|
SEGMENT<5>  |        14.390(R)|      SLOW  |         5.435(R)|      FAST  |btn_3_BUFGP       |   0.000|
SEGMENT<6>  |        14.125(R)|      SLOW  |         5.390(R)|      FAST  |btn_3_BUFGP       |   0.000|
------------+-----------------+------------+-----------------+------------+------------------+--------+

Clock clk to Pad
------------+-----------------+------------+-----------------+------------+------------------+--------+
            |Max (slowest) clk|  Process   |Min (fastest) clk|  Process   |                  | Clock  |
Destination |  (edge) to PAD  |   Corner   |  (edge) to PAD  |   Corner   |Internal Clock(s) | Phase  |
------------+-----------------+------------+-----------------+------------+------------------+--------+
AN<0>       |        12.211(R)|      SLOW  |         4.644(R)|      FAST  |clk_BUFGP         |   0.000|
AN<1>       |        12.232(R)|      SLOW  |         4.640(R)|      FAST  |clk_BUFGP         |   0.000|
AN<2>       |        11.857(R)|      SLOW  |         4.508(R)|      FAST  |clk_BUFGP         |   0.000|
AN<3>       |        12.002(R)|      SLOW  |         4.572(R)|      FAST  |clk_BUFGP         |   0.000|
SEGMENT<0>  |        16.703(R)|      SLOW  |         4.967(R)|      FAST  |clk_BUFGP         |   0.000|
SEGMENT<1>  |        16.590(R)|      SLOW  |         4.854(R)|      FAST  |clk_BUFGP         |   0.000|
SEGMENT<2>  |        16.669(R)|      SLOW  |         4.853(R)|      FAST  |clk_BUFGP         |   0.000|
SEGMENT<3>  |        16.660(R)|      SLOW  |         4.889(R)|      FAST  |clk_BUFGP         |   0.000|
SEGMENT<4>  |        16.355(R)|      SLOW  |         4.627(R)|      FAST  |clk_BUFGP         |   0.000|
SEGMENT<5>  |        16.344(R)|      SLOW  |         4.724(R)|      FAST  |clk_BUFGP         |   0.000|
SEGMENT<6>  |        16.385(R)|      SLOW  |         4.676(R)|      FAST  |clk_BUFGP         |   0.000|
SEGMENT<7>  |        15.211(R)|      SLOW  |         6.038(R)|      FAST  |clk_BUFGP         |   0.000|
------------+-----------------+------------+-----------------+------------+------------------+--------+

Clock to Setup on destination clock btn<0>
---------------+---------+---------+---------+---------+
               | Src:Rise| Src:Fall| Src:Rise| Src:Fall|
Source Clock   |Dest:Rise|Dest:Rise|Dest:Fall|Dest:Fall|
---------------+---------+---------+---------+---------+
btn<0>         |    0.809|         |         |         |
---------------+---------+---------+---------+---------+

Clock to Setup on destination clock btn<1>
---------------+---------+---------+---------+---------+
               | Src:Rise| Src:Fall| Src:Rise| Src:Fall|
Source Clock   |Dest:Rise|Dest:Rise|Dest:Fall|Dest:Fall|
---------------+---------+---------+---------+---------+
btn<1>         |    0.802|         |         |         |
---------------+---------+---------+---------+---------+

Clock to Setup on destination clock btn<2>
---------------+---------+---------+---------+---------+
               | Src:Rise| Src:Fall| Src:Rise| Src:Fall|
Source Clock   |Dest:Rise|Dest:Rise|Dest:Fall|Dest:Fall|
---------------+---------+---------+---------+---------+
btn<2>         |    0.913|         |         |         |
---------------+---------+---------+---------+---------+

Clock to Setup on destination clock btn<3>
---------------+---------+---------+---------+---------+
               | Src:Rise| Src:Fall| Src:Rise| Src:Fall|
Source Clock   |Dest:Rise|Dest:Rise|Dest:Fall|Dest:Fall|
---------------+---------+---------+---------+---------+
btn<3>         |    0.858|         |         |         |
---------------+---------+---------+---------+---------+

Clock to Setup on destination clock clk
---------------+---------+---------+---------+---------+
               | Src:Rise| Src:Fall| Src:Rise| Src:Fall|
Source Clock   |Dest:Rise|Dest:Rise|Dest:Fall|Dest:Fall|
---------------+---------+---------+---------+---------+
clk            |    1.369|         |         |         |
---------------+---------+---------+---------+---------+

Pad to Pad
---------------+---------------+---------+
Source Pad     |Destination Pad|  Delay  |
---------------+---------------+---------+
SW<0>          |SEGMENT<7>     |    9.167|
SW<1>          |SEGMENT<7>     |    8.722|
SW<2>          |SEGMENT<7>     |    9.037|
SW<3>          |SEGMENT<7>     |    8.851|
SW<4>          |SEGMENT<0>     |   10.393|
SW<4>          |SEGMENT<1>     |   10.280|
SW<4>          |SEGMENT<2>     |   10.359|
SW<4>          |SEGMENT<3>     |   10.350|
SW<4>          |SEGMENT<4>     |   10.045|
SW<4>          |SEGMENT<5>     |   10.034|
SW<4>          |SEGMENT<6>     |   10.075|
SW<5>          |SEGMENT<0>     |   10.631|
SW<5>          |SEGMENT<1>     |   10.518|
SW<5>          |SEGMENT<2>     |   10.597|
SW<5>          |SEGMENT<3>     |   10.588|
SW<5>          |SEGMENT<4>     |   10.283|
SW<5>          |SEGMENT<5>     |   10.272|
SW<5>          |SEGMENT<6>     |   10.313|
SW<6>          |SEGMENT<0>     |   10.442|
SW<6>          |SEGMENT<1>     |   10.329|
SW<6>          |SEGMENT<2>     |   10.408|
SW<6>          |SEGMENT<3>     |   10.399|
SW<6>          |SEGMENT<4>     |   10.094|
SW<6>          |SEGMENT<5>     |   10.083|
SW<6>          |SEGMENT<6>     |   10.124|
SW<7>          |SEGMENT<0>     |   10.375|
SW<7>          |SEGMENT<1>     |   10.262|
SW<7>          |SEGMENT<2>     |   10.341|
SW<7>          |SEGMENT<3>     |   10.332|
SW<7>          |SEGMENT<4>     |   10.027|
SW<7>          |SEGMENT<5>     |   10.016|
SW<7>          |SEGMENT<6>     |   10.057|
---------------+---------------+---------+


Analysis completed Fri Oct 29 15:50:27 2021 
--------------------------------------------------------------------------------

Trace Settings:
-------------------------
Trace Settings 

Peak Memory Usage: 5101 MB



