--------------------------------------------------------------------------------
Release 14.7 Trace  (nt64)
Copyright (c) 1995-2013 Xilinx, Inc.  All rights reserved.

E:\Xilinx\14.7\ISE_DS\ISE\bin\nt64\unwrapped\trce.exe -intstyle ise -v 3 -s 1
-n 3 -fastpaths -xml DispNumber_sch.twx DispNumber_sch.ncd -o
DispNumber_sch.twr DispNumber_sch.pcf -ucf DispNumber_ucf.ucf

Design file:              DispNumber_sch.ncd
Physical constraint file: DispNumber_sch.pcf
Device,package,speed:     xc7k160t,ffg676,C,-1 (PRODUCTION 1.10 2013-10-13)
Report level:             verbose report

Environment Variable      Effect 
--------------------      ------ 
NONE                      No environment variables were set
--------------------------------------------------------------------------------

INFO:Timing:2698 - No timing constraints found, doing default enumeration.
INFO:Timing:3412 - To improve timing, see the Timing Closure User Guide (UG612).
INFO:Timing:2752 - To get complete path coverage, use the unconstrained paths 
   option. All paths that are not constrained will be reported in the 
   unconstrained paths section(s) of the report.
INFO:Timing:3339 - The clock-to-out numbers in this timing report are based on 
   a 50 Ohm transmission line loading model.  For the details of this model, 
   and for more information on accounting for different loading conditions, 
   please see the device datasheet.



Data Sheet report:
-----------------
All values displayed in nanoseconds (ns)

Pad to Pad
---------------+---------------+---------+
Source Pad     |Destination Pad|  Delay  |
---------------+---------------+---------+
BTN<0>         |SEGMENT<0>     |    9.015|
BTN<0>         |SEGMENT<1>     |    9.972|
BTN<0>         |SEGMENT<2>     |    9.382|
BTN<0>         |SEGMENT<3>     |    9.545|
BTN<0>         |SEGMENT<4>     |    9.308|
BTN<0>         |SEGMENT<5>     |    9.322|
BTN<0>         |SEGMENT<6>     |    9.377|
BTN<1>         |SEGMENT<7>     |    8.155|
SW<0>          |SEGMENT<0>     |   10.154|
SW<0>          |SEGMENT<1>     |   10.617|
SW<0>          |SEGMENT<2>     |   10.383|
SW<0>          |SEGMENT<3>     |   10.640|
SW<0>          |SEGMENT<4>     |    9.737|
SW<0>          |SEGMENT<5>     |   10.093|
SW<0>          |SEGMENT<6>     |    9.694|
SW<1>          |SEGMENT<0>     |   10.884|
SW<1>          |SEGMENT<1>     |   10.472|
SW<1>          |SEGMENT<2>     |   10.072|
SW<1>          |SEGMENT<3>     |   11.233|
SW<1>          |SEGMENT<4>     |    9.523|
SW<1>          |SEGMENT<5>     |   10.091|
SW<1>          |SEGMENT<6>     |    9.799|
SW<2>          |SEGMENT<0>     |   10.569|
SW<2>          |SEGMENT<1>     |   11.007|
SW<2>          |SEGMENT<2>     |   10.773|
SW<2>          |SEGMENT<3>     |   11.280|
SW<2>          |SEGMENT<4>     |   10.128|
SW<2>          |SEGMENT<5>     |   10.508|
SW<2>          |SEGMENT<6>     |   10.320|
SW<3>          |SEGMENT<0>     |   10.339|
SW<3>          |SEGMENT<1>     |   11.314|
SW<3>          |SEGMENT<2>     |   11.080|
SW<3>          |SEGMENT<3>     |   11.301|
SW<3>          |SEGMENT<4>     |   10.059|
SW<3>          |SEGMENT<5>     |   10.098|
SW<3>          |SEGMENT<6>     |   10.140|
SW<4>          |AN<0>          |    8.502|
SW<5>          |AN<1>          |    8.372|
SW<6>          |AN<2>          |    8.447|
SW<7>          |AN<3>          |    8.501|
---------------+---------------+---------+


Analysis completed Wed Oct 27 16:49:25 2021 
--------------------------------------------------------------------------------

Trace Settings:
-------------------------
Trace Settings 

Peak Memory Usage: 5100 MB



