Release 14.7 - xst P.20131013 (nt64)
Copyright (c) 1995-2013 Xilinx, Inc.  All rights reserved.
--> Parameter TMPDIR set to xst/projnav.tmp


Total REAL time to Xst completion: 0.00 secs
Total CPU time to Xst completion: 0.07 secs
 
--> Parameter xsthdpdir set to xst


Total REAL time to Xst completion: 0.00 secs
Total CPU time to Xst completion: 0.07 secs
 
--> Reading design: Top.prj

TABLE OF CONTENTS
  1) Synthesis Options Summary
  2) HDL Parsing
  3) HDL Elaboration
  4) HDL Synthesis
       4.1) HDL Synthesis Report
  5) Advanced HDL Synthesis
       5.1) Advanced HDL Synthesis Report
  6) Low Level Synthesis
  7) Partition Report
  8) Design Summary
       8.1) Primitive and Black Box Usage
       8.2) Device utilization summary
       8.3) Partition Resource Summary
       8.4) Timing Report
            8.4.1) Clock Information
            8.4.2) Asynchronous Control Signals Information
            8.4.3) Timing Summary
            8.4.4) Timing Details
            8.4.5) Cross Clock Domains Report


=========================================================================
*                      Synthesis Options Summary                        *
=========================================================================
---- Source Parameters
Input File Name                    : "Top.prj"
Ignore Synthesis Constraint File   : NO

---- Target Parameters
Output File Name                   : "Top"
Output Format                      : NGC
Target Device                      : xc7k160t-1-ffg676

---- Source Options
Top Module Name                    : Top
Automatic FSM Extraction           : YES
FSM Encoding Algorithm             : Auto
Safe Implementation                : No
FSM Style                          : LUT
RAM Extraction                     : Yes
RAM Style                          : Auto
ROM Extraction                     : Yes
Shift Register Extraction          : YES
ROM Style                          : Auto
Resource Sharing                   : YES
Asynchronous To Synchronous        : NO
Shift Register Minimum Size        : 2
Use DSP Block                      : Auto
Automatic Register Balancing       : No

---- Target Options
LUT Combining                      : Auto
Reduce Control Sets                : Auto
Add IO Buffers                     : YES
Global Maximum Fanout              : 100000
Add Generic Clock Buffer(BUFG)     : 32
Register Duplication               : YES
Optimize Instantiated Primitives   : NO
Use Clock Enable                   : Auto
Use Synchronous Set                : Auto
Use Synchronous Reset              : Auto
Pack IO Registers into IOBs        : Auto
Equivalent register Removal        : YES

---- General Options
Optimization Goal                  : Speed
Optimization Effort                : 1
Power Reduction                    : NO
Keep Hierarchy                     : No
Netlist Hierarchy                  : As_Optimized
RTL Output                         : Yes
Global Optimization                : AllClockNets
Read Cores                         : YES
Write Timing Constraints           : NO
Cross Clock Analysis               : NO
Hierarchy Separator                : /
Bus Delimiter                      : <>
Case Specifier                     : Maintain
Slice Utilization Ratio            : 100
BRAM Utilization Ratio             : 100
DSP48 Utilization Ratio            : 100
Auto BRAM Packing                  : NO
Slice Utilization Ratio Delta      : 5

=========================================================================


=========================================================================
*                          HDL Parsing                                  *
=========================================================================
Analyzing Verilog file "E:\ISE_Program\ALU_Application\Adder1b_sch.vf" into library work
Parsing module <Adder1b_sch>.
Analyzing Verilog file "E:\ISE_Program\ALU_Application\MyMC14495.vf" into library work
Parsing module <MyMC14495>.
Analyzing Verilog file "E:\ISE_Program\ALU_Application\Mux4to1b4_sch.vf" into library work
Parsing module <Mux4to1b4_sch>.
Analyzing Verilog file "E:\ISE_Program\ALU_Application\Mux4to1.vf" into library work
Parsing module <Mux4to1>.
Analyzing Verilog file "E:\ISE_Program\ALU_Application\AddSub1b.vf" into library work
Parsing module <AddSub1b>.
Analyzing Verilog file "E:\ISE_Program\ALU_Application\P2S_IO.v" into library work
Parsing module <P2S>.
Analyzing Verilog file "E:\ISE_Program\ALU_Application\HexTo8SEG.v" into library work
Parsing module <HexTo8SEG>.
Parsing module <Hex2Seg>.
Analyzing Verilog file "E:\ISE_Program\ALU_Application\DisplatSync_sch.vf" into library work
Parsing module <D2_4E_HXILINX_DisplatSync_sch>.
Parsing module <DisplatSync_sch>.
Analyzing Verilog file "E:\ISE_Program\ALU_Application\clkdiv.v" into library work
Parsing module <clkdiv>.
Analyzing Verilog file "E:\ISE_Program\ALU_Application\AddSub4b_sch.vf" into library work
Parsing module <AddSub4b_sch>.
Analyzing Verilog file "E:\ISE_Program\ALU_Application\Sseg_Dev.vf" into library work
Parsing module <Sseg_Dev>.
Analyzing Verilog file "E:\ISE_Program\ALU_Application\pbdebounce.v" into library work
Parsing module <pbdebounce>.
Analyzing Verilog file "E:\ISE_Program\ALU_Application\disp_num.vf" into library work
Parsing module <disp_num>.
Analyzing Verilog file "E:\ISE_Program\ALU_Application\ALU4b.vf" into library work
Parsing module <myAnd2b4_MUSER_ALU4b>.
Parsing module <myOr2b4_MUSER_ALU4b>.
Parsing module <ALU4b>.
Analyzing Verilog file "E:\ISE_Program\ALU_Application\Top.v" into library work
Parsing module <Top>.
Parsing module <CreateNumber>.

=========================================================================
*                            HDL Elaboration                            *
=========================================================================

Elaborating module <Top>.

Elaborating module <clkdiv>.
WARNING:HDLCompiler:189 - "E:\ISE_Program\ALU_Application\Top.v" Line 54: Size mismatch in connection of port <rst>. Formal port size is 1-bit while actual signal size is 32-bit.

Elaborating module <pbdebounce>.
WARNING:HDLCompiler:1016 - "E:\ISE_Program\ALU_Application\Top.v" Line 80: Port Co is not connected to this instance
WARNING:HDLCompiler:1016 - "E:\ISE_Program\ALU_Application\Top.v" Line 81: Port Co is not connected to this instance
WARNING:HDLCompiler:1016 - "E:\ISE_Program\ALU_Application\Top.v" Line 82: Port Co is not connected to this instance
WARNING:HDLCompiler:1016 - "E:\ISE_Program\ALU_Application\Top.v" Line 83: Port Co is not connected to this instance

Elaborating module <CreateNumber>.

Elaborating module <AddSub4b_sch>.

Elaborating module <AddSub1b>.

Elaborating module <Adder1b_sch>.

Elaborating module <AND2>.

Elaborating module <OR3>.

Elaborating module <XOR2>.
WARNING:HDLCompiler:189 - "E:\ISE_Program\ALU_Application\Top.v" Line 57: Size mismatch in connection of port <btn>. Formal port size is 4-bit while actual signal size is 2-bit.

Elaborating module <ALU4b>.

Elaborating module <myOr2b4_MUSER_ALU4b>.

Elaborating module <OR2>.

Elaborating module <myAnd2b4_MUSER_ALU4b>.

Elaborating module <Mux4to1b4_sch>.

Elaborating module <INV>.

Elaborating module <OR4>.

Elaborating module <Mux4to1>.

Elaborating module <GND>.

Elaborating module <disp_num>.

Elaborating module <DisplatSync_sch>.

Elaborating module <D2_4E_HXILINX_DisplatSync_sch>.

Elaborating module <VCC>.

Elaborating module <MyMC14495>.

Elaborating module <AND4>.

Elaborating module <AND3>.

Elaborating module <Sseg_Dev>.

Elaborating module <P2S>.
WARNING:HDLCompiler:1499 - "E:\ISE_Program\ALU_Application\P2S_IO.v" Line 21: Empty module <P2S> remains a black box.

Elaborating module <HexTo8SEG>.

Elaborating module <Hex2Seg>.
WARNING:HDLCompiler:604 - "E:\ISE_Program\ALU_Application\HexTo8SEG.v" Line 47: Module instantiation should have an instance name

=========================================================================
*                           HDL Synthesis                               *
=========================================================================

Synthesizing Unit <Top>.
    Related source file is "E:\ISE_Program\ALU_Application\Top.v".
    Summary:
	no macro.
Unit <Top> synthesized.

Synthesizing Unit <clkdiv>.
    Related source file is "E:\ISE_Program\ALU_Application\clkdiv.v".
    Found 32-bit register for signal <clkdiv>.
    Found 32-bit adder for signal <clkdiv[31]_GND_2_o_add_0_OUT> created at line 28.
    Summary:
	inferred   1 Adder/Subtractor(s).
	inferred  32 D-type flip-flop(s).
Unit <clkdiv> synthesized.

Synthesizing Unit <pbdebounce>.
    Related source file is "E:\ISE_Program\ALU_Application\pbdebounce.v".
    Found 1-bit register for signal <pbreg>.
    Found 7-bit register for signal <pbshift<6:0>>.
    Summary:
	inferred   8 D-type flip-flop(s).
Unit <pbdebounce> synthesized.

Synthesizing Unit <CreateNumber>.
    Related source file is "E:\ISE_Program\ALU_Application\Top.v".
INFO:Xst:3210 - "E:\ISE_Program\ALU_Application\Top.v" line 80: Output port <Co> of the instance <a1> is unconnected or connected to loadless signal.
INFO:Xst:3210 - "E:\ISE_Program\ALU_Application\Top.v" line 81: Output port <Co> of the instance <a2> is unconnected or connected to loadless signal.
INFO:Xst:3210 - "E:\ISE_Program\ALU_Application\Top.v" line 82: Output port <Co> of the instance <a3> is unconnected or connected to loadless signal.
INFO:Xst:3210 - "E:\ISE_Program\ALU_Application\Top.v" line 83: Output port <Co> of the instance <a4> is unconnected or connected to loadless signal.
    Found 1-bit register for signal <num<2>>.
    Found 1-bit register for signal <num<1>>.
    Found 1-bit register for signal <num<0>>.
    Found 1-bit register for signal <num<7>>.
    Found 1-bit register for signal <num<6>>.
    Found 1-bit register for signal <num<5>>.
    Found 1-bit register for signal <num<4>>.
    Found 1-bit register for signal <num<11>>.
    Found 1-bit register for signal <num<10>>.
    Found 1-bit register for signal <num<9>>.
    Found 1-bit register for signal <num<8>>.
    Found 1-bit register for signal <num<15>>.
    Found 1-bit register for signal <num<14>>.
    Found 1-bit register for signal <num<13>>.
    Found 1-bit register for signal <num<12>>.
    Found 1-bit register for signal <num<3>>.
    Summary:
	inferred  16 D-type flip-flop(s).
Unit <CreateNumber> synthesized.

Synthesizing Unit <AddSub4b_sch>.
    Related source file is "E:\ISE_Program\ALU_Application\AddSub4b_sch.vf".
    Summary:
	no macro.
Unit <AddSub4b_sch> synthesized.

Synthesizing Unit <AddSub1b>.
    Related source file is "E:\ISE_Program\ALU_Application\AddSub1b.vf".
    Summary:
	no macro.
Unit <AddSub1b> synthesized.

Synthesizing Unit <Adder1b_sch>.
    Related source file is "E:\ISE_Program\ALU_Application\Adder1b_sch.vf".
    Summary:
	no macro.
Unit <Adder1b_sch> synthesized.

Synthesizing Unit <ALU4b>.
    Related source file is "E:\ISE_Program\ALU_Application\ALU4b.vf".
    Summary:
	no macro.
Unit <ALU4b> synthesized.

Synthesizing Unit <myOr2b4_MUSER_ALU4b>.
    Related source file is "E:\ISE_Program\ALU_Application\ALU4b.vf".
WARNING:Xst:647 - Input <B<2:2>> is never used. This port will be preserved and left unconnected if it belongs to a top-level block or it belongs to a sub-block and the hierarchy of this sub-block is preserved.
    Summary:
	no macro.
Unit <myOr2b4_MUSER_ALU4b> synthesized.

Synthesizing Unit <myAnd2b4_MUSER_ALU4b>.
    Related source file is "E:\ISE_Program\ALU_Application\ALU4b.vf".
    Summary:
	no macro.
Unit <myAnd2b4_MUSER_ALU4b> synthesized.

Synthesizing Unit <Mux4to1b4_sch>.
    Related source file is "E:\ISE_Program\ALU_Application\Mux4to1b4_sch.vf".
    Summary:
	no macro.
Unit <Mux4to1b4_sch> synthesized.

Synthesizing Unit <Mux4to1>.
    Related source file is "E:\ISE_Program\ALU_Application\Mux4to1.vf".
    Summary:
	no macro.
Unit <Mux4to1> synthesized.

Synthesizing Unit <disp_num>.
    Related source file is "E:\ISE_Program\ALU_Application\disp_num.vf".
    Summary:
	no macro.
Unit <disp_num> synthesized.

Synthesizing Unit <DisplatSync_sch>.
    Related source file is "E:\ISE_Program\ALU_Application\DisplatSync_sch.vf".
    Set property "HU_SET = XLXI_5_0" for instance <XLXI_5>.
    Summary:
	no macro.
Unit <DisplatSync_sch> synthesized.

Synthesizing Unit <D2_4E_HXILINX_DisplatSync_sch>.
    Related source file is "E:\ISE_Program\ALU_Application\DisplatSync_sch.vf".
    Summary:
	inferred   4 Multiplexer(s).
Unit <D2_4E_HXILINX_DisplatSync_sch> synthesized.

Synthesizing Unit <MyMC14495>.
    Related source file is "E:\ISE_Program\ALU_Application\MyMC14495.vf".
    Summary:
	no macro.
Unit <MyMC14495> synthesized.

Synthesizing Unit <Sseg_Dev>.
    Related source file is "E:\ISE_Program\ALU_Application\Sseg_Dev.vf".
    Summary:
	no macro.
Unit <Sseg_Dev> synthesized.

Synthesizing Unit <HexTo8SEG>.
    Related source file is "E:\ISE_Program\ALU_Application\HexTo8SEG.v".
    Summary:
	no macro.
Unit <HexTo8SEG> synthesized.

Synthesizing Unit <Hex2Seg>.
    Related source file is "E:\ISE_Program\ALU_Application\HexTo8SEG.v".
    Summary:
	no macro.
Unit <Hex2Seg> synthesized.

=========================================================================
HDL Synthesis Report

Macro Statistics
# Adders/Subtractors                                   : 2
 32-bit adder                                          : 2
# Registers                                            : 10
 1-bit register                                        : 2
 32-bit register                                       : 2
 4-bit register                                        : 4
 7-bit register                                        : 2
# Multiplexers                                         : 4
 1-bit 2-to-1 multiplexer                              : 4

=========================================================================

=========================================================================
*                       Advanced HDL Synthesis                          *
=========================================================================

Reading core <P2S.ngc>.
Loading core <P2S> for timing and area information for instance <XLXI_1>.
WARNING:Xst:1293 - FF/Latch <num_8> has a constant value of 1 in block <m3>. This FF/Latch will be trimmed during the optimization process.
WARNING:Xst:1293 - FF/Latch <num_9> has a constant value of 1 in block <m3>. This FF/Latch will be trimmed during the optimization process.
WARNING:Xst:1293 - FF/Latch <num_10> has a constant value of 0 in block <m3>. This FF/Latch will be trimmed during the optimization process.
WARNING:Xst:1293 - FF/Latch <num_11> has a constant value of 1 in block <m3>. This FF/Latch will be trimmed during the optimization process.
WARNING:Xst:1293 - FF/Latch <num_12> has a constant value of 0 in block <m3>. This FF/Latch will be trimmed during the optimization process.
WARNING:Xst:1293 - FF/Latch <num_13> has a constant value of 1 in block <m3>. This FF/Latch will be trimmed during the optimization process.
WARNING:Xst:1293 - FF/Latch <num_14> has a constant value of 0 in block <m3>. This FF/Latch will be trimmed during the optimization process.
WARNING:Xst:1293 - FF/Latch <num_15> has a constant value of 1 in block <m3>. This FF/Latch will be trimmed during the optimization process.

Synthesizing (advanced) Unit <clkdiv>.
The following registers are absorbed into counter <clkdiv>: 1 register on signal <clkdiv>.
Unit <clkdiv> synthesized (advanced).

=========================================================================
Advanced HDL Synthesis Report

Macro Statistics
# Counters                                             : 2
 32-bit up counter                                     : 2
# Registers                                            : 32
 Flip-Flops                                            : 32
# Multiplexers                                         : 4
 1-bit 2-to-1 multiplexer                              : 4

=========================================================================

=========================================================================
*                         Low Level Synthesis                           *
=========================================================================
WARNING:Xst:1293 - FF/Latch <num_8> has a constant value of 1 in block <CreateNumber>. This FF/Latch will be trimmed during the optimization process.
WARNING:Xst:1293 - FF/Latch <num_9> has a constant value of 1 in block <CreateNumber>. This FF/Latch will be trimmed during the optimization process.
WARNING:Xst:1293 - FF/Latch <num_10> has a constant value of 0 in block <CreateNumber>. This FF/Latch will be trimmed during the optimization process.
WARNING:Xst:1293 - FF/Latch <num_11> has a constant value of 1 in block <CreateNumber>. This FF/Latch will be trimmed during the optimization process.
WARNING:Xst:1293 - FF/Latch <num_12> has a constant value of 0 in block <CreateNumber>. This FF/Latch will be trimmed during the optimization process.
WARNING:Xst:1293 - FF/Latch <num_13> has a constant value of 1 in block <CreateNumber>. This FF/Latch will be trimmed during the optimization process.
WARNING:Xst:1293 - FF/Latch <num_14> has a constant value of 0 in block <CreateNumber>. This FF/Latch will be trimmed during the optimization process.
WARNING:Xst:1293 - FF/Latch <num_15> has a constant value of 1 in block <CreateNumber>. This FF/Latch will be trimmed during the optimization process.
INFO:Xst:2146 - In block <Top>, Counter <m2/clkdiv> <m6/XLXI_1/clkdiv> are equivalent, XST will keep only <m2/clkdiv>.
WARNING:Xst:2677 - Node <m2/clkdiv_26> of sequential type is unconnected in block <Top>.
WARNING:Xst:2677 - Node <m2/clkdiv_27> of sequential type is unconnected in block <Top>.
WARNING:Xst:2677 - Node <m2/clkdiv_28> of sequential type is unconnected in block <Top>.
WARNING:Xst:2677 - Node <m2/clkdiv_29> of sequential type is unconnected in block <Top>.
WARNING:Xst:2677 - Node <m2/clkdiv_30> of sequential type is unconnected in block <Top>.
WARNING:Xst:2677 - Node <m2/clkdiv_31> of sequential type is unconnected in block <Top>.

Optimizing unit <Top> ...

Optimizing unit <Mux4to1b4_sch> ...

Optimizing unit <Mux4to1> ...

Optimizing unit <DisplatSync_sch> ...

Optimizing unit <MyMC14495> ...

Optimizing unit <CreateNumber> ...

Optimizing unit <D2_4E_HXILINX_DisplatSync_sch> ...

Optimizing unit <HexTo8SEG> ...

Optimizing unit <pbdebounce> ...

Mapping all equations...
Building and optimizing final netlist ...
Found area constraint ratio of 100 (+ 5) on block Top, actual ratio is 0.

Final Macro Processing ...

=========================================================================
Final Register Report

Macro Statistics
# Registers                                            : 50
 Flip-Flops                                            : 50

=========================================================================

=========================================================================
*                           Partition Report                            *
=========================================================================

Partition Implementation Status
-------------------------------

  No Partitions were found in this design.

-------------------------------

=========================================================================
*                            Design Summary                             *
=========================================================================

Top Level Output File Name         : Top.ngc

Primitive and Black Box Usage:
------------------------------
# BELS                             : 784
#      AND2                        : 137
#      AND3                        : 99
#      AND4                        : 81
#      GND                         : 1
#      INV                         : 60
#      LUT1                        : 25
#      LUT2                        : 15
#      LUT3                        : 7
#      LUT4                        : 3
#      LUT5                        : 5
#      LUT6                        : 76
#      MUXCY                       : 25
#      MUXF7                       : 1
#      OR2                         : 67
#      OR3                         : 47
#      OR4                         : 47
#      VCC                         : 2
#      XOR2                        : 60
#      XORCY                       : 26
# FlipFlops/Latches                : 126
#      FD                          : 116
#      FDC                         : 10
# Clock Buffers                    : 1
#      BUFGP                       : 1
# IO Buffers                       : 35
#      IBUF                        : 18
#      OBUF                        : 17

Device utilization summary:
---------------------------

Selected Device : 7k160tffg676-1 


Slice Logic Utilization: 
 Number of Slice Registers:             126  out of  202800     0%  
 Number of Slice LUTs:                  191  out of  101400     0%  
    Number used as Logic:               191  out of  101400     0%  

Slice Logic Distribution: 
 Number of LUT Flip Flop pairs used:    209
   Number with an unused Flip Flop:      83  out of    209    39%  
   Number with an unused LUT:            18  out of    209     8%  
   Number of fully used LUT-FF pairs:   108  out of    209    51%  
   Number of unique control sets:         6

IO Utilization: 
 Number of IOs:                          36
 Number of bonded IOBs:                  36  out of    400     9%  

Specific Feature Utilization:
 Number of BUFG/BUFGCTRLs:                1  out of     32     3%  

---------------------------
Partition Resource Summary:
---------------------------

  No Partitions were found in this design.

---------------------------


=========================================================================
Timing Report

NOTE: THESE TIMING NUMBERS ARE ONLY A SYNTHESIS ESTIMATE.
      FOR ACCURATE TIMING INFORMATION PLEASE REFER TO THE TRACE REPORT
      GENERATED AFTER PLACE-and-ROUTE.

Clock Information:
------------------
-----------------------------------+------------------------+-------+
Clock Signal                       | Clock buffer(FF name)  | Load  |
-----------------------------------+------------------------+-------+
m2/clkdiv_17                       | NONE(m1/pbshift_6)     | 16    |
m1/pbreg                           | NONE(m3/num_7)         | 4     |
m0/pbreg                           | NONE(m3/num_3)         | 4     |
clk                                | BUFGP                  | 102   |
-----------------------------------+------------------------+-------+
INFO:Xst:2169 - HDL ADVISOR - Some clock signals were not automatically buffered by XST with BUFG/BUFR resources. Please use the buffer_type constraint in order to insert these buffers to the clock signals to help prevent skew problems.

Asynchronous Control Signals Information:
----------------------------------------
No asynchronous control signals found in this design

Timing Summary:
---------------
Speed Grade: -1

   Minimum period: 6.408ns (Maximum Frequency: 156.055MHz)
   Minimum input arrival time before clock: 12.944ns
   Maximum output required time after clock: 14.517ns
   Maximum combinational path delay: 14.196ns

Timing Details:
---------------
All values displayed in nanoseconds (ns)

=========================================================================
Timing constraint: Default period analysis for Clock 'm2/clkdiv_17'
  Clock period: 2.220ns (frequency: 450.450MHz)
  Total number of paths / destination ports: 42 / 14
-------------------------------------------------------------------------
Delay:               2.220ns (Levels of Logic = 3)
  Source:            m1/pbshift_3 (FF)
  Destination:       m1/pbreg (FF)
  Source Clock:      m2/clkdiv_17 rising
  Destination Clock: m2/clkdiv_17 rising

  Data Path: m1/pbshift_3 to m1/pbreg
                                Gate     Net
    Cell:in->out      fanout   Delay   Delay  Logical Name (Net Name)
    ----------------------------------------  ------------
     FD:C->Q               3   0.282   0.616  m1/pbshift_3 (m1/pbshift_3)
     LUT3:I0->O            1   0.053   0.413  m1/pbshift[6]_PWR_3_o_equal_3_o<6>_SW0 (N5)
     LUT6:I5->O            1   0.053   0.739  m1/pbshift[6]_PWR_3_o_equal_3_o<6> (m1/pbshift[6]_PWR_3_o_equal_3_o)
     LUT6:I0->O            1   0.053   0.000  m1/pbreg_rstpot (m1/pbreg_rstpot)
     FD:D                      0.011          m1/pbreg
    ----------------------------------------
    Total                      2.220ns (0.452ns logic, 1.768ns route)
                                       (20.4% logic, 79.6% route)

=========================================================================
Timing constraint: Default period analysis for Clock 'm1/pbreg'
  Clock period: 6.397ns (frequency: 156.323MHz)
  Total number of paths / destination ports: 26 / 4
-------------------------------------------------------------------------
Delay:               6.397ns (Levels of Logic = 7)
  Source:            m3/num_4 (FF)
  Destination:       m3/num_7 (FF)
  Source Clock:      m1/pbreg rising
  Destination Clock: m1/pbreg rising

  Data Path: m3/num_4 to m3/num_7
                                Gate     Net
    Cell:in->out      fanout   Delay   Delay  Logical Name (Net Name)
    ----------------------------------------  ------------
     FD:C->Q              19   0.282   0.844  m3/num_4 (m3/num_4)
     AND2:I1->O            1   0.067   0.739  m3/a2/XLXI_1/XLXI_1/XLXI_3 (m3/a2/XLXI_1/XLXI_1/XLXN_10)
     OR3:I0->O             3   0.053   0.753  m3/a2/XLXI_1/XLXI_1/XLXI_7 (m3/a2/XLXN_1)
     AND2:I0->O            1   0.053   0.725  m3/a2/XLXI_2/XLXI_1/XLXI_2 (m3/a2/XLXI_2/XLXI_1/XLXN_9)
     OR3:I1->O             3   0.067   0.753  m3/a2/XLXI_2/XLXI_1/XLXI_7 (m3/a2/XLXN_2)
     AND2:I0->O            1   0.053   0.725  m3/a2/XLXI_3/XLXI_1/XLXI_2 (m3/a2/XLXI_3/XLXI_1/XLXN_9)
     OR3:I1->O             3   0.067   0.753  m3/a2/XLXI_3/XLXI_1/XLXI_7 (m3/a2/XLXN_3)
     XOR2:I0->O            1   0.053   0.399  m3/a2/XLXI_4/XLXI_1/XLXI_9 (m3/B1<3>)
     FD:D                      0.011          m3/num_7
    ----------------------------------------
    Total                      6.397ns (0.706ns logic, 5.691ns route)
                                       (11.0% logic, 89.0% route)

=========================================================================
Timing constraint: Default period analysis for Clock 'm0/pbreg'
  Clock period: 6.408ns (frequency: 156.055MHz)
  Total number of paths / destination ports: 26 / 4
-------------------------------------------------------------------------
Delay:               6.408ns (Levels of Logic = 7)
  Source:            m3/num_0 (FF)
  Destination:       m3/num_3 (FF)
  Source Clock:      m0/pbreg rising
  Destination Clock: m0/pbreg rising

  Data Path: m3/num_0 to m3/num_3
                                Gate     Net
    Cell:in->out      fanout   Delay   Delay  Logical Name (Net Name)
    ----------------------------------------  ------------
     FD:C->Q              21   0.282   0.855  m3/num_0 (m3/num_0)
     AND2:I1->O            1   0.067   0.739  m3/a1/XLXI_1/XLXI_1/XLXI_3 (m3/a1/XLXI_1/XLXI_1/XLXN_10)
     OR3:I0->O             3   0.053   0.753  m3/a1/XLXI_1/XLXI_1/XLXI_7 (m3/a1/XLXN_1)
     AND2:I0->O            1   0.053   0.725  m3/a1/XLXI_2/XLXI_1/XLXI_2 (m3/a1/XLXI_2/XLXI_1/XLXN_9)
     OR3:I1->O             3   0.067   0.753  m3/a1/XLXI_2/XLXI_1/XLXI_7 (m3/a1/XLXN_2)
     AND2:I0->O            1   0.053   0.725  m3/a1/XLXI_3/XLXI_1/XLXI_2 (m3/a1/XLXI_3/XLXI_1/XLXN_9)
     OR3:I1->O             3   0.067   0.753  m3/a1/XLXI_3/XLXI_1/XLXI_7 (m3/a1/XLXN_3)
     XOR2:I0->O            1   0.053   0.399  m3/a1/XLXI_4/XLXI_1/XLXI_9 (m3/A1<3>)
     FD:D                      0.011          m3/num_3
    ----------------------------------------
    Total                      6.408ns (0.706ns logic, 5.702ns route)
                                       (11.0% logic, 89.0% route)

=========================================================================
Timing constraint: Default period analysis for Clock 'clk'
  Clock period: 2.472ns (frequency: 404.606MHz)
  Total number of paths / destination ports: 1608 / 102
-------------------------------------------------------------------------
Delay:               2.472ns (Levels of Logic = 4)
  Source:            m7/XLXI_1/shift_count_2 (FF)
  Destination:       m7/XLXI_1/buffer_0 (FF)
  Source Clock:      clk rising
  Destination Clock: clk rising

  Data Path: m7/XLXI_1/shift_count_2 to m7/XLXI_1/buffer_0
                                Gate     Net
    Cell:in->out      fanout   Delay   Delay  Logical Name (Net Name)
    ----------------------------------------  ------------
     FDC:C->Q              4   0.282   0.745  shift_count_2 (shift_count<2>)
     LUT5:I0->O            1   0.053   0.485  _n0075_inv31 (_n0075_inv_bdd3)
     LUT6:I4->O            1   0.053   0.000  _n0103_inv12_G (N26)
     MUXF7:I1->O          64   0.217   0.573  _n0103_inv12 (_n0103_inv)
     LUT6:I5->O            1   0.053   0.000  buffer_0_rstpot (buffer_0_rstpot)
     FD:D                      0.011          buffer_0
    ----------------------------------------
    Total                      2.472ns (0.669ns logic, 1.803ns route)
                                       (27.1% logic, 72.9% route)

=========================================================================
Timing constraint: Default OFFSET IN BEFORE for Clock 'm2/clkdiv_17'
  Total number of paths / destination ports: 6 / 4
-------------------------------------------------------------------------
Offset:              1.749ns (Levels of Logic = 4)
  Source:            BTN<1> (PAD)
  Destination:       m1/pbreg (FF)
  Destination Clock: m2/clkdiv_17 rising

  Data Path: BTN<1> to m1/pbreg
                                Gate     Net
    Cell:in->out      fanout   Delay   Delay  Logical Name (Net Name)
    ----------------------------------------  ------------
     IBUF:I->O             3   0.000   0.427  BTN_1_IBUF (BTN_1_IBUF)
     LUT3:I2->O            1   0.053   0.413  m1/pbshift[6]_PWR_3_o_equal_3_o<6>_SW0 (N5)
     LUT6:I5->O            1   0.053   0.739  m1/pbshift[6]_PWR_3_o_equal_3_o<6> (m1/pbshift[6]_PWR_3_o_equal_3_o)
     LUT6:I0->O            1   0.053   0.000  m1/pbreg_rstpot (m1/pbreg_rstpot)
     FD:D                      0.011          m1/pbreg
    ----------------------------------------
    Total                      1.749ns (0.170ns logic, 1.579ns route)
                                       (9.7% logic, 90.3% route)

=========================================================================
Timing constraint: Default OFFSET IN BEFORE for Clock 'm1/pbreg'
  Total number of paths / destination ports: 41 / 4
-------------------------------------------------------------------------
Offset:              6.842ns (Levels of Logic = 9)
  Source:            SW1<1> (PAD)
  Destination:       m3/num_7 (FF)
  Destination Clock: m1/pbreg rising

  Data Path: SW1<1> to m3/num_7
                                Gate     Net
    Cell:in->out      fanout   Delay   Delay  Logical Name (Net Name)
    ----------------------------------------  ------------
     IBUF:I->O             7   0.000   0.779  SW1_1_IBUF (SW1_1_IBUF)
     XOR2:I0->O            3   0.053   0.739  m3/a2/XLXI_1/XLXI_2 (m3/a2/XLXI_1/XLXN_4)
     AND2:I1->O            1   0.067   0.725  m3/a2/XLXI_1/XLXI_1/XLXI_2 (m3/a2/XLXI_1/XLXI_1/XLXN_9)
     OR3:I1->O             3   0.067   0.753  m3/a2/XLXI_1/XLXI_1/XLXI_7 (m3/a2/XLXN_1)
     AND2:I0->O            1   0.053   0.725  m3/a2/XLXI_2/XLXI_1/XLXI_2 (m3/a2/XLXI_2/XLXI_1/XLXN_9)
     OR3:I1->O             3   0.067   0.753  m3/a2/XLXI_2/XLXI_1/XLXI_7 (m3/a2/XLXN_2)
     AND2:I0->O            1   0.053   0.725  m3/a2/XLXI_3/XLXI_1/XLXI_2 (m3/a2/XLXI_3/XLXI_1/XLXN_9)
     OR3:I1->O             3   0.067   0.753  m3/a2/XLXI_3/XLXI_1/XLXI_7 (m3/a2/XLXN_3)
     XOR2:I0->O            1   0.053   0.399  m3/a2/XLXI_4/XLXI_1/XLXI_9 (m3/B1<3>)
     FD:D                      0.011          m3/num_7
    ----------------------------------------
    Total                      6.842ns (0.491ns logic, 6.351ns route)
                                       (7.2% logic, 92.8% route)

=========================================================================
Timing constraint: Default OFFSET IN BEFORE for Clock 'm0/pbreg'
  Total number of paths / destination ports: 41 / 4
-------------------------------------------------------------------------
Offset:              6.842ns (Levels of Logic = 9)
  Source:            SW1<0> (PAD)
  Destination:       m3/num_3 (FF)
  Destination Clock: m0/pbreg rising

  Data Path: SW1<0> to m3/num_3
                                Gate     Net
    Cell:in->out      fanout   Delay   Delay  Logical Name (Net Name)
    ----------------------------------------  ------------
     IBUF:I->O             7   0.000   0.779  SW1_0_IBUF (SW1_0_IBUF)
     XOR2:I0->O            3   0.053   0.739  m3/a1/XLXI_1/XLXI_2 (m3/a1/XLXI_1/XLXN_4)
     AND2:I1->O            1   0.067   0.725  m3/a1/XLXI_1/XLXI_1/XLXI_2 (m3/a1/XLXI_1/XLXI_1/XLXN_9)
     OR3:I1->O             3   0.067   0.753  m3/a1/XLXI_1/XLXI_1/XLXI_7 (m3/a1/XLXN_1)
     AND2:I0->O            1   0.053   0.725  m3/a1/XLXI_2/XLXI_1/XLXI_2 (m3/a1/XLXI_2/XLXI_1/XLXN_9)
     OR3:I1->O             3   0.067   0.753  m3/a1/XLXI_2/XLXI_1/XLXI_7 (m3/a1/XLXN_2)
     AND2:I0->O            1   0.053   0.725  m3/a1/XLXI_3/XLXI_1/XLXI_2 (m3/a1/XLXI_3/XLXI_1/XLXN_9)
     OR3:I1->O             3   0.067   0.753  m3/a1/XLXI_3/XLXI_1/XLXI_7 (m3/a1/XLXN_3)
     XOR2:I0->O            1   0.053   0.399  m3/a1/XLXI_4/XLXI_1/XLXI_9 (m3/A1<3>)
     FD:D                      0.011          m3/num_3
    ----------------------------------------
    Total                      6.842ns (0.491ns logic, 6.351ns route)
                                       (7.2% logic, 92.8% route)

=========================================================================
Timing constraint: Default OFFSET IN BEFORE for Clock 'clk'
  Total number of paths / destination ports: 4638 / 60
-------------------------------------------------------------------------
Offset:              12.944ns (Levels of Logic = 18)
  Source:            SW2<0> (PAD)
  Destination:       m7/XLXI_1/buffer_54 (FF)
  Destination Clock: clk rising

  Data Path: SW2<0> to m7/XLXI_1/buffer_54
                                Gate     Net
    Cell:in->out      fanout   Delay   Delay  Logical Name (Net Name)
    ----------------------------------------  ------------
     IBUF:I->O            13   0.000   0.819  SW2_0_IBUF (SW2_0_IBUF)
     XOR2:I0->O            3   0.053   0.739  m5/XLXI_3/XLXI_1/XLXI_2 (m5/XLXI_3/XLXI_1/XLXN_4)
     AND2:I1->O            1   0.067   0.725  m5/XLXI_3/XLXI_1/XLXI_1/XLXI_2 (m5/XLXI_3/XLXI_1/XLXI_1/XLXN_9)
     OR3:I1->O             3   0.067   0.753  m5/XLXI_3/XLXI_1/XLXI_1/XLXI_7 (m5/XLXI_3/XLXN_1)
     AND2:I0->O            1   0.053   0.725  m5/XLXI_3/XLXI_2/XLXI_1/XLXI_2 (m5/XLXI_3/XLXI_2/XLXI_1/XLXN_9)
     OR3:I1->O             3   0.067   0.753  m5/XLXI_3/XLXI_2/XLXI_1/XLXI_7 (m5/XLXI_3/XLXN_2)
     AND2:I0->O            1   0.053   0.725  m5/XLXI_3/XLXI_3/XLXI_1/XLXI_2 (m5/XLXI_3/XLXI_3/XLXI_1/XLXN_9)
     OR3:I1->O             3   0.067   0.753  m5/XLXI_3/XLXI_3/XLXI_1/XLXI_7 (m5/XLXI_3/XLXN_3)
     AND2:I0->O            1   0.053   0.725  m5/XLXI_3/XLXI_4/XLXI_1/XLXI_2 (m5/XLXI_3/XLXI_4/XLXI_1/XLXN_9)
     OR3:I1->O             2   0.067   0.745  m5/XLXI_3/XLXI_4/XLXI_1/XLXI_7 (m5/XLXN_15)
     AND2:I0->O            1   0.053   0.635  m5/XLXI_5/XLXI_2 (m5/XLXI_5/XLXN_2)
     OR4:I2->O            13   0.157   0.479  m5/XLXI_5/XLXI_9 (Co)
     INV:I->O              6   0.393   0.772  m7/XLXI_4/HTS6/_i000001/XLXI_1 (m7/XLXI_4/HTS6/_i000001/XLXN_19)
     AND3:I0->O            2   0.053   0.731  m7/XLXI_4/HTS6/_i000001/AD_14 (m7/XLXI_4/HTS6/_i000001/XLXN_62)
     OR4:I1->O             1   0.067   0.725  m7/XLXI_4/HTS6/_i000001/XLXI_52 (m7/XLXI_4/HTS6/_i000001/XLXN_74)
     OR2:I1->O             1   0.067   0.739  m7/XLXI_4/HTS6/_i000001/XLXI_60 (m7/XLXN_1<54>)
     begin scope: 'm7/XLXI_1:P_Data<54>'
     LUT6:I0->O            1   0.053   0.000  buffer_54_rstpot (buffer_54_rstpot)
     FD:D                      0.011          buffer_54
    ----------------------------------------
    Total                     12.944ns (1.401ns logic, 11.543ns route)
                                       (10.8% logic, 89.2% route)

=========================================================================
Timing constraint: Default OFFSET OUT AFTER for Clock 'clk'
  Total number of paths / destination ports: 763 / 15
-------------------------------------------------------------------------
Offset:              7.313ns (Levels of Logic = 9)
  Source:            m2/clkdiv_17 (FF)
  Destination:       SEGMENT<3> (PAD)
  Source Clock:      clk rising

  Data Path: m2/clkdiv_17 to SEGMENT<3>
                                Gate     Net
    Cell:in->out      fanout   Delay   Delay  Logical Name (Net Name)
    ----------------------------------------  ------------
     FD:C->Q              30   0.282   0.551  m2/clkdiv_17 (m2/clkdiv_17)
     INV:I->O              2   0.393   0.731  m6/XLXI_2/XLXI_3/XLXI_2 (m6/XLXI_2/XLXI_3/XLXN_6)
     AND2:I1->O            4   0.067   0.745  m6/XLXI_2/XLXI_3/XLXI_5 (m6/XLXI_2/XLXI_3/XLXN_58)
     AND2:I1->O            1   0.067   0.725  m6/XLXI_2/XLXI_3/XLXI_14 (m6/XLXI_2/XLXI_3/XLXN_17)
     OR4:I1->O            11   0.067   0.465  m6/XLXI_2/XLXI_3/XLXI_16 (m6/HEX<1>)
     INV:I->O              8   0.393   0.771  m6/XLXI_3/XLXI_2 (m6/XLXI_3/XLXN_24)
     AND4:I1->O            2   0.067   0.608  m6/XLXI_3/AD_18 (m6/XLXI_3/XLXN_44)
     OR4:I3->O             1   0.190   0.725  m6/XLXI_3/XLXI_48 (m6/XLXI_3/XLXN_78)
     OR2:I1->O             1   0.067   0.399  m6/XLXI_3/XLXI_56 (SEGMENT_5_OBUF)
     OBUF:I->O                 0.000          SEGMENT_5_OBUF (SEGMENT<5>)
    ----------------------------------------
    Total                      7.313ns (1.593ns logic, 5.720ns route)
                                       (21.8% logic, 78.2% route)

=========================================================================
Timing constraint: Default OFFSET OUT AFTER for Clock 'm1/pbreg'
  Total number of paths / destination ports: 2654 / 7
-------------------------------------------------------------------------
Offset:              14.517ns (Levels of Logic = 18)
  Source:            m3/num_4 (FF)
  Destination:       SEGMENT<1> (PAD)
  Source Clock:      m1/pbreg rising

  Data Path: m3/num_4 to SEGMENT<1>
                                Gate     Net
    Cell:in->out      fanout   Delay   Delay  Logical Name (Net Name)
    ----------------------------------------  ------------
     FD:C->Q              19   0.282   0.844  m3/num_4 (m3/num_4)
     XOR2:I1->O            3   0.067   0.739  m5/XLXI_3/XLXI_1/XLXI_2 (m5/XLXI_3/XLXI_1/XLXN_4)
     AND2:I1->O            1   0.067   0.725  m5/XLXI_3/XLXI_1/XLXI_1/XLXI_2 (m5/XLXI_3/XLXI_1/XLXI_1/XLXN_9)
     OR3:I1->O             3   0.067   0.753  m5/XLXI_3/XLXI_1/XLXI_1/XLXI_7 (m5/XLXI_3/XLXN_1)
     AND2:I0->O            1   0.053   0.725  m5/XLXI_3/XLXI_2/XLXI_1/XLXI_2 (m5/XLXI_3/XLXI_2/XLXI_1/XLXN_9)
     OR3:I1->O             3   0.067   0.753  m5/XLXI_3/XLXI_2/XLXI_1/XLXI_7 (m5/XLXI_3/XLXN_2)
     AND2:I0->O            1   0.053   0.725  m5/XLXI_3/XLXI_3/XLXI_1/XLXI_2 (m5/XLXI_3/XLXI_3/XLXI_1/XLXN_9)
     OR3:I1->O             3   0.067   0.753  m5/XLXI_3/XLXI_3/XLXI_1/XLXI_7 (m5/XLXI_3/XLXN_3)
     AND2:I0->O            1   0.053   0.725  m5/XLXI_3/XLXI_4/XLXI_1/XLXI_2 (m5/XLXI_3/XLXI_4/XLXI_1/XLXN_9)
     OR3:I1->O             2   0.067   0.745  m5/XLXI_3/XLXI_4/XLXI_1/XLXI_7 (m5/XLXN_15)
     AND2:I0->O            1   0.053   0.635  m5/XLXI_5/XLXI_2 (m5/XLXI_5/XLXN_2)
     OR4:I2->O            13   0.157   0.819  m5/XLXI_5/XLXI_9 (Co)
     AND2:I0->O            1   0.053   0.635  m6/XLXI_2/XLXI_3/XLXI_8 (m6/XLXI_2/XLXI_3/XLXN_12)
     OR4:I2->O            12   0.157   0.471  m6/XLXI_2/XLXI_3/XLXI_11 (m6/HEX<0>)
     INV:I->O              6   0.393   0.772  m6/XLXI_3/XLXI_1 (m6/XLXI_3/XLXN_19)
     AND3:I0->O            2   0.053   0.731  m6/XLXI_3/AD_14 (m6/XLXI_3/XLXN_62)
     OR4:I1->O             1   0.067   0.725  m6/XLXI_3/XLXI_52 (m6/XLXI_3/XLXN_74)
     OR2:I1->O             1   0.067   0.399  m6/XLXI_3/XLXI_60 (SEGMENT_1_OBUF)
     OBUF:I->O                 0.000          SEGMENT_1_OBUF (SEGMENT<1>)
    ----------------------------------------
    Total                     14.517ns (1.843ns logic, 12.674ns route)
                                       (12.7% logic, 87.3% route)

=========================================================================
Timing constraint: Default OFFSET OUT AFTER for Clock 'm0/pbreg'
  Total number of paths / destination ports: 2654 / 7
-------------------------------------------------------------------------
Offset:              13.722ns (Levels of Logic = 17)
  Source:            m3/num_0 (FF)
  Destination:       SEGMENT<1> (PAD)
  Source Clock:      m0/pbreg rising

  Data Path: m3/num_0 to SEGMENT<1>
                                Gate     Net
    Cell:in->out      fanout   Delay   Delay  Logical Name (Net Name)
    ----------------------------------------  ------------
     FD:C->Q              21   0.282   0.855  m3/num_0 (m3/num_0)
     AND2:I1->O            1   0.067   0.739  m5/XLXI_3/XLXI_1/XLXI_1/XLXI_3 (m5/XLXI_3/XLXI_1/XLXI_1/XLXN_10)
     OR3:I0->O             3   0.053   0.753  m5/XLXI_3/XLXI_1/XLXI_1/XLXI_7 (m5/XLXI_3/XLXN_1)
     AND2:I0->O            1   0.053   0.725  m5/XLXI_3/XLXI_2/XLXI_1/XLXI_2 (m5/XLXI_3/XLXI_2/XLXI_1/XLXN_9)
     OR3:I1->O             3   0.067   0.753  m5/XLXI_3/XLXI_2/XLXI_1/XLXI_7 (m5/XLXI_3/XLXN_2)
     AND2:I0->O            1   0.053   0.725  m5/XLXI_3/XLXI_3/XLXI_1/XLXI_2 (m5/XLXI_3/XLXI_3/XLXI_1/XLXN_9)
     OR3:I1->O             3   0.067   0.753  m5/XLXI_3/XLXI_3/XLXI_1/XLXI_7 (m5/XLXI_3/XLXN_3)
     AND2:I0->O            1   0.053   0.725  m5/XLXI_3/XLXI_4/XLXI_1/XLXI_2 (m5/XLXI_3/XLXI_4/XLXI_1/XLXN_9)
     OR3:I1->O             2   0.067   0.745  m5/XLXI_3/XLXI_4/XLXI_1/XLXI_7 (m5/XLXN_15)
     AND2:I0->O            1   0.053   0.635  m5/XLXI_5/XLXI_2 (m5/XLXI_5/XLXN_2)
     OR4:I2->O            13   0.157   0.819  m5/XLXI_5/XLXI_9 (Co)
     AND2:I0->O            1   0.053   0.635  m6/XLXI_2/XLXI_3/XLXI_8 (m6/XLXI_2/XLXI_3/XLXN_12)
     OR4:I2->O            12   0.157   0.471  m6/XLXI_2/XLXI_3/XLXI_11 (m6/HEX<0>)
     INV:I->O              6   0.393   0.772  m6/XLXI_3/XLXI_1 (m6/XLXI_3/XLXN_19)
     AND3:I0->O            2   0.053   0.731  m6/XLXI_3/AD_14 (m6/XLXI_3/XLXN_62)
     OR4:I1->O             1   0.067   0.725  m6/XLXI_3/XLXI_52 (m6/XLXI_3/XLXN_74)
     OR2:I1->O             1   0.067   0.399  m6/XLXI_3/XLXI_60 (SEGMENT_1_OBUF)
     OBUF:I->O                 0.000          SEGMENT_1_OBUF (SEGMENT<1>)
    ----------------------------------------
    Total                     13.722ns (1.762ns logic, 11.960ns route)
                                       (12.8% logic, 87.2% route)

=========================================================================
Timing constraint: Default path analysis
  Total number of paths / destination ports: 4610 / 8
-------------------------------------------------------------------------
Delay:               14.196ns (Levels of Logic = 19)
  Source:            SW2<0> (PAD)
  Destination:       SEGMENT<1> (PAD)

  Data Path: SW2<0> to SEGMENT<1>
                                Gate     Net
    Cell:in->out      fanout   Delay   Delay  Logical Name (Net Name)
    ----------------------------------------  ------------
     IBUF:I->O            13   0.000   0.819  SW2_0_IBUF (SW2_0_IBUF)
     XOR2:I0->O            3   0.053   0.739  m5/XLXI_3/XLXI_1/XLXI_2 (m5/XLXI_3/XLXI_1/XLXN_4)
     AND2:I1->O            1   0.067   0.725  m5/XLXI_3/XLXI_1/XLXI_1/XLXI_2 (m5/XLXI_3/XLXI_1/XLXI_1/XLXN_9)
     OR3:I1->O             3   0.067   0.753  m5/XLXI_3/XLXI_1/XLXI_1/XLXI_7 (m5/XLXI_3/XLXN_1)
     AND2:I0->O            1   0.053   0.725  m5/XLXI_3/XLXI_2/XLXI_1/XLXI_2 (m5/XLXI_3/XLXI_2/XLXI_1/XLXN_9)
     OR3:I1->O             3   0.067   0.753  m5/XLXI_3/XLXI_2/XLXI_1/XLXI_7 (m5/XLXI_3/XLXN_2)
     AND2:I0->O            1   0.053   0.725  m5/XLXI_3/XLXI_3/XLXI_1/XLXI_2 (m5/XLXI_3/XLXI_3/XLXI_1/XLXN_9)
     OR3:I1->O             3   0.067   0.753  m5/XLXI_3/XLXI_3/XLXI_1/XLXI_7 (m5/XLXI_3/XLXN_3)
     AND2:I0->O            1   0.053   0.725  m5/XLXI_3/XLXI_4/XLXI_1/XLXI_2 (m5/XLXI_3/XLXI_4/XLXI_1/XLXN_9)
     OR3:I1->O             2   0.067   0.745  m5/XLXI_3/XLXI_4/XLXI_1/XLXI_7 (m5/XLXN_15)
     AND2:I0->O            1   0.053   0.635  m5/XLXI_5/XLXI_2 (m5/XLXI_5/XLXN_2)
     OR4:I2->O            13   0.157   0.819  m5/XLXI_5/XLXI_9 (Co)
     AND2:I0->O            1   0.053   0.635  m6/XLXI_2/XLXI_3/XLXI_8 (m6/XLXI_2/XLXI_3/XLXN_12)
     OR4:I2->O            12   0.157   0.471  m6/XLXI_2/XLXI_3/XLXI_11 (m6/HEX<0>)
     INV:I->O              6   0.393   0.772  m6/XLXI_3/XLXI_1 (m6/XLXI_3/XLXN_19)
     AND3:I0->O            2   0.053   0.731  m6/XLXI_3/AD_14 (m6/XLXI_3/XLXN_62)
     OR4:I1->O             1   0.067   0.725  m6/XLXI_3/XLXI_52 (m6/XLXI_3/XLXN_74)
     OR2:I1->O             1   0.067   0.399  m6/XLXI_3/XLXI_60 (SEGMENT_1_OBUF)
     OBUF:I->O                 0.000          SEGMENT_1_OBUF (SEGMENT<1>)
    ----------------------------------------
    Total                     14.196ns (1.547ns logic, 12.649ns route)
                                       (10.9% logic, 89.1% route)

=========================================================================

Cross Clock Domains Report:
--------------------------

Clock to Setup on destination clock clk
---------------+---------+---------+---------+---------+
               | Src:Rise| Src:Fall| Src:Rise| Src:Fall|
Source Clock   |Dest:Rise|Dest:Rise|Dest:Fall|Dest:Fall|
---------------+---------+---------+---------+---------+
clk            |    2.472|         |         |         |
m0/pbreg       |   12.470|         |         |         |
m1/pbreg       |   13.265|         |         |         |
---------------+---------+---------+---------+---------+

Clock to Setup on destination clock m0/pbreg
---------------+---------+---------+---------+---------+
               | Src:Rise| Src:Fall| Src:Rise| Src:Fall|
Source Clock   |Dest:Rise|Dest:Rise|Dest:Fall|Dest:Fall|
---------------+---------+---------+---------+---------+
m0/pbreg       |    6.408|         |         |         |
---------------+---------+---------+---------+---------+

Clock to Setup on destination clock m1/pbreg
---------------+---------+---------+---------+---------+
               | Src:Rise| Src:Fall| Src:Rise| Src:Fall|
Source Clock   |Dest:Rise|Dest:Rise|Dest:Fall|Dest:Fall|
---------------+---------+---------+---------+---------+
m1/pbreg       |    6.397|         |         |         |
---------------+---------+---------+---------+---------+

Clock to Setup on destination clock m2/clkdiv_17
---------------+---------+---------+---------+---------+
               | Src:Rise| Src:Fall| Src:Rise| Src:Fall|
Source Clock   |Dest:Rise|Dest:Rise|Dest:Fall|Dest:Fall|
---------------+---------+---------+---------+---------+
m2/clkdiv_17   |    2.220|         |         |         |
---------------+---------+---------+---------+---------+

=========================================================================


Total REAL time to Xst completion: 7.00 secs
Total CPU time to Xst completion: 7.37 secs
 
--> 

Total memory usage is 4618928 kilobytes

Number of errors   :    0 (   0 filtered)
Number of warnings :   31 (   0 filtered)
Number of infos    :    6 (   0 filtered)

